[INFO ] 2024-05-14 11:54:58.277 [main] TC_01_AccountRegistrationTest - **** Starting TC_01_AccountRegistrationTest *****
[INFO ] 2024-05-14 11:54:58.612 [main] TC_01_AccountRegistrationTest - Clicked on MyAccount link
[INFO ] 2024-05-14 11:54:59.469 [main] TC_01_AccountRegistrationTest - Clicked on Registration link
[INFO ] 2024-05-14 11:54:59.469 [main] TC_01_AccountRegistrationTest - Entering customer details...
[INFO ] 2024-05-14 11:55:03.085 [main] TC_01_AccountRegistrationTest - Clicked on Continue...
[INFO ] 2024-05-14 11:55:03.127 [main] TC_01_AccountRegistrationTest - Validated expected message.
[INFO ] 2024-05-14 11:55:03.127 [main] TC_01_AccountRegistrationTest - **** Finished TC_01_AccountRegistrationTest *****
[INFO ] 2024-05-14 12:02:46.404 [main] TC_01_AccountRegistrationTest - **** Starting TC_01_AccountRegistrationTest *****
[INFO ] 2024-05-14 12:02:46.753 [main] TC_01_AccountRegistrationTest - Clicked on MyAccount link
[INFO ] 2024-05-14 12:02:47.316 [main] TC_01_AccountRegistrationTest - Clicked on Registration link
[INFO ] 2024-05-14 12:02:47.316 [main] TC_01_AccountRegistrationTest - Entering customer details...
[INFO ] 2024-05-14 12:02:50.971 [main] TC_01_AccountRegistrationTest - Clicked on Continue...
[INFO ] 2024-05-14 12:02:51.029 [main] TC_01_AccountRegistrationTest - Validated expected message.
[INFO ] 2024-05-14 12:02:51.029 [main] TC_01_AccountRegistrationTest - **** Finished TC_01_AccountRegistrationTest *****
[INFO ] 2024-05-14 12:07:13.450 [main] TC_01_AccountRegistrationTest - **** Starting TC_01_AccountRegistrationTest *****
[INFO ] 2024-05-14 12:07:13.581 [main] TC_01_AccountRegistrationTest - Clicked on MyAccount link
[INFO ] 2024-05-14 12:07:14.301 [main] TC_01_AccountRegistrationTest - Clicked on Registration link
[INFO ] 2024-05-14 12:07:14.301 [main] TC_01_AccountRegistrationTest - Entering customer details...
[INFO ] 2024-05-14 12:07:18.270 [main] TC_01_AccountRegistrationTest - Clicked on Continue...
[INFO ] 2024-05-14 12:13:21.778 [main] TC_01_AccountRegistrationTest - **** Starting TC_01_AccountRegistrationTest *****
[INFO ] 2024-05-14 12:13:22.560 [main] TC_01_AccountRegistrationTest - Clicked on MyAccount link
[INFO ] 2024-05-14 12:13:23.875 [main] TC_01_AccountRegistrationTest - Clicked on Registration link
[INFO ] 2024-05-14 12:13:23.876 [main] TC_01_AccountRegistrationTest - Entering customer details...
[INFO ] 2024-05-14 12:13:27.982 [main] TC_01_AccountRegistrationTest - Clicked on Continue...
[INFO ] 2024-05-14 12:16:49.587 [main] TC_01_AccountRegistrationTest - **** Starting TC_01_AccountRegistrationTest *****
[DEBUG] 2024-05-14 12:16:49.600 [main] TC_01_AccountRegistrationTest - Application logs started...
[DEBUG] 2024-05-14 12:16:49.601 [main] TC_01_AccountRegistrationTest - Application logs.............
[INFO ] 2024-05-14 12:16:50.280 [main] TC_01_AccountRegistrationTest - Clicked on MyAccount link
[INFO ] 2024-05-14 12:16:51.001 [main] TC_01_AccountRegistrationTest - Clicked on Registration link
[INFO ] 2024-05-14 12:16:51.002 [main] TC_01_AccountRegistrationTest - Entering customer details...
[INFO ] 2024-05-14 12:16:55.156 [main] TC_01_AccountRegistrationTest - Clicked on Continue...
[INFO ] 2024-05-14 12:16:55.221 [main] TC_01_AccountRegistrationTest - Validated expected message.
[DEBUG] 2024-05-14 12:16:55.221 [main] TC_01_AccountRegistrationTest - Application logs end...
[INFO ] 2024-05-14 12:16:55.221 [main] TC_01_AccountRegistrationTest - **** Finished TC_01_AccountRegistrationTest *****
[INFO ] 2024-05-14 12:32:16.488 [main] TC_01_AccountRegistrationTest - **** Starting TC_01_AccountRegistrationTest *****
[DEBUG] 2024-05-14 12:32:16.496 [main] TC_01_AccountRegistrationTest - Application logs started...
[DEBUG] 2024-05-14 12:32:16.496 [main] TC_01_AccountRegistrationTest - Application logs.............
[INFO ] 2024-05-14 12:32:17.218 [main] TC_01_AccountRegistrationTest - Clicked on MyAccount link
[INFO ] 2024-05-14 12:32:18.093 [main] TC_01_AccountRegistrationTest - Clicked on Registration link
[INFO ] 2024-05-14 12:32:18.093 [main] TC_01_AccountRegistrationTest - Entering customer details...
[INFO ] 2024-05-14 12:32:22.109 [main] TC_01_AccountRegistrationTest - Clicked on Continue...
[INFO ] 2024-05-14 12:32:22.189 [main] TC_01_AccountRegistrationTest - Validated expected message.
[DEBUG] 2024-05-14 12:32:22.189 [main] TC_01_AccountRegistrationTest - Application logs end...
[INFO ] 2024-05-14 12:32:22.189 [main] TC_01_AccountRegistrationTest - **** Finished TC_01_AccountRegistrationTest *****
[INFO ] 2024-05-14 12:32:57.350 [main] TC_01_AccountRegistrationTest - **** Starting TC_01_AccountRegistrationTest *****
[DEBUG] 2024-05-14 12:32:57.364 [main] TC_01_AccountRegistrationTest - Application logs started...
[DEBUG] 2024-05-14 12:32:57.364 [main] TC_01_AccountRegistrationTest - Application logs.............
[INFO ] 2024-05-14 12:32:57.562 [main] TC_01_AccountRegistrationTest - Clicked on MyAccount link
[INFO ] 2024-05-14 12:32:58.353 [main] TC_01_AccountRegistrationTest - Clicked on Registration link
[INFO ] 2024-05-14 12:32:58.353 [main] TC_01_AccountRegistrationTest - Entering customer details...
[INFO ] 2024-05-14 12:33:02.426 [main] TC_01_AccountRegistrationTest - Clicked on Continue...
[INFO ] 2024-05-14 12:33:02.492 [main] TC_01_AccountRegistrationTest - Validated expected message.
[DEBUG] 2024-05-14 12:33:02.493 [main] TC_01_AccountRegistrationTest - Application logs end...
[INFO ] 2024-05-14 12:33:02.493 [main] TC_01_AccountRegistrationTest - **** Finished TC_01_AccountRegistrationTest *****
[INFO ] 2024-05-14 12:36:50.547 [main] TC_01_AccountRegistrationTest - **** Starting TC_01_AccountRegistrationTest *****
[DEBUG] 2024-05-14 12:36:50.560 [main] TC_01_AccountRegistrationTest - Application logs started...
[DEBUG] 2024-05-14 12:36:50.561 [main] TC_01_AccountRegistrationTest - Application logs.............
[INFO ] 2024-05-14 12:36:51.282 [main] TC_01_AccountRegistrationTest - Clicked on MyAccount link
[INFO ] 2024-05-14 12:36:52.727 [main] TC_01_AccountRegistrationTest - Clicked on Registration link
[INFO ] 2024-05-14 12:36:52.728 [main] TC_01_AccountRegistrationTest - Entering customer details...
[INFO ] 2024-05-14 12:36:56.957 [main] TC_01_AccountRegistrationTest - Clicked on Continue...
[INFO ] 2024-05-14 12:36:57.022 [main] TC_01_AccountRegistrationTest - Validated expected message.
[DEBUG] 2024-05-14 12:36:57.022 [main] TC_01_AccountRegistrationTest - Application logs end...
[INFO ] 2024-05-14 12:36:57.022 [main] TC_01_AccountRegistrationTest - **** Finished TC_01_AccountRegistrationTest *****
[INFO ] 2024-05-14 12:37:03.869 [main] TC_01_AccountRegistrationTest - **** Starting TC_01_AccountRegistrationTest *****
[DEBUG] 2024-05-14 12:37:03.869 [main] TC_01_AccountRegistrationTest - Application logs started...
[DEBUG] 2024-05-14 12:37:03.869 [main] TC_01_AccountRegistrationTest - Application logs.............
[INFO ] 2024-05-14 12:37:04.231 [main] TC_01_AccountRegistrationTest - Clicked on MyAccount link
[INFO ] 2024-05-14 12:37:04.928 [main] TC_01_AccountRegistrationTest - Clicked on Registration link
[INFO ] 2024-05-14 12:37:04.928 [main] TC_01_AccountRegistrationTest - Entering customer details...
[INFO ] 2024-05-14 12:37:08.906 [main] TC_01_AccountRegistrationTest - Clicked on Continue...
[INFO ] 2024-05-14 12:37:08.954 [main] TC_01_AccountRegistrationTest - Validated expected message.
[DEBUG] 2024-05-14 12:37:08.955 [main] TC_01_AccountRegistrationTest - Application logs end...
[INFO ] 2024-05-14 12:37:08.955 [main] TC_01_AccountRegistrationTest - **** Finished TC_01_AccountRegistrationTest *****
[INFO ] 2024-05-14 12:37:47.887 [TestNG-tests-1] TC_01_AccountRegistrationTest - **** Starting TC_01_AccountRegistrationTest *****
[DEBUG] 2024-05-14 12:37:47.894 [TestNG-tests-1] TC_01_AccountRegistrationTest - Application logs started...
[DEBUG] 2024-05-14 12:37:47.895 [TestNG-tests-1] TC_01_AccountRegistrationTest - Application logs.............
[INFO ] 2024-05-14 12:37:48.280 [TestNG-tests-1] TC_01_AccountRegistrationTest - Clicked on MyAccount link
[INFO ] 2024-05-14 12:37:48.668 [TestNG-tests-2] TC_01_AccountRegistrationTest - **** Starting TC_01_AccountRegistrationTest *****
[DEBUG] 2024-05-14 12:37:48.673 [TestNG-tests-2] TC_01_AccountRegistrationTest - Application logs started...
[DEBUG] 2024-05-14 12:37:48.673 [TestNG-tests-2] TC_01_AccountRegistrationTest - Application logs.............
[INFO ] 2024-05-14 12:37:49.963 [TestNG-tests-2] TC_01_AccountRegistrationTest - Clicked on MyAccount link
[INFO ] 2024-05-14 12:37:50.661 [TestNG-tests-1] TC_01_AccountRegistrationTest - Clicked on Registration link
[INFO ] 2024-05-14 12:37:50.662 [TestNG-tests-1] TC_01_AccountRegistrationTest - Entering customer details...
[INFO ] 2024-05-14 12:37:51.657 [TestNG-tests-2] TC_01_AccountRegistrationTest - Clicked on Registration link
[INFO ] 2024-05-14 12:37:51.658 [TestNG-tests-2] TC_01_AccountRegistrationTest - Entering customer details...
[INFO ] 2024-05-14 12:37:55.686 [TestNG-tests-1] TC_01_AccountRegistrationTest - Clicked on Continue...
[INFO ] 2024-05-14 12:37:55.787 [TestNG-tests-1] TC_01_AccountRegistrationTest - Validated expected message.
[DEBUG] 2024-05-14 12:37:55.787 [TestNG-tests-1] TC_01_AccountRegistrationTest - Application logs end...
[INFO ] 2024-05-14 12:37:55.787 [TestNG-tests-1] TC_01_AccountRegistrationTest - **** Finished TC_01_AccountRegistrationTest *****
[INFO ] 2024-05-14 12:37:56.415 [TestNG-tests-2] TC_01_AccountRegistrationTest - Clicked on Continue...
[INFO ] 2024-05-14 12:37:56.464 [TestNG-tests-2] TC_01_AccountRegistrationTest - Validated expected message.
[DEBUG] 2024-05-14 12:37:56.464 [TestNG-tests-2] TC_01_AccountRegistrationTest - Application logs end...
[INFO ] 2024-05-14 12:37:56.464 [TestNG-tests-2] TC_01_AccountRegistrationTest - **** Finished TC_01_AccountRegistrationTest *****
[INFO ] 2024-05-14 12:55:22.484 [main] TC_01_AccountRegistrationTest - **** Starting TC_01_AccountRegistrationTest *****
[DEBUG] 2024-05-14 12:55:22.495 [main] TC_01_AccountRegistrationTest - Application logs started...
[DEBUG] 2024-05-14 12:55:22.495 [main] TC_01_AccountRegistrationTest - Application logs.............
[INFO ] 2024-05-14 12:55:22.650 [main] TC_01_AccountRegistrationTest - Clicked on MyAccount link
[INFO ] 2024-05-14 12:55:23.326 [main] TC_01_AccountRegistrationTest - Clicked on Registration link
[INFO ] 2024-05-14 12:55:23.326 [main] TC_01_AccountRegistrationTest - Entering customer details...
[INFO ] 2024-05-14 12:55:26.742 [main] TC_01_AccountRegistrationTest - Clicked on Continue...
[INFO ] 2024-05-14 12:55:26.794 [main] TC_01_AccountRegistrationTest - Validated expected message.
[DEBUG] 2024-05-14 12:55:26.794 [main] TC_01_AccountRegistrationTest - Application logs end...
[INFO ] 2024-05-14 12:55:26.794 [main] TC_01_AccountRegistrationTest - **** Finished TC_01_AccountRegistrationTest *****
[INFO ] 2024-05-14 14:48:35.041 [main] TC_01_AccountRegistrationTest - **** Starting TC_01_AccountRegistrationTest *****
[DEBUG] 2024-05-14 14:48:35.046 [main] TC_01_AccountRegistrationTest - Application logs started...
[DEBUG] 2024-05-14 14:48:35.046 [main] TC_01_AccountRegistrationTest - Application logs.............
[INFO ] 2024-05-14 14:48:35.182 [main] TC_01_AccountRegistrationTest - Clicked on MyAccount link
[INFO ] 2024-05-14 14:48:36.495 [main] TC_01_AccountRegistrationTest - Clicked on Registration link
[INFO ] 2024-05-14 14:48:36.495 [main] TC_01_AccountRegistrationTest - Entering customer details...
[INFO ] 2024-05-14 14:48:40.359 [main] TC_01_AccountRegistrationTest - Clicked on Continue...
[INFO ] 2024-05-14 14:48:40.408 [main] TC_01_AccountRegistrationTest - Validated expected message.
[DEBUG] 2024-05-14 14:48:40.409 [main] TC_01_AccountRegistrationTest - Application logs end...
[INFO ] 2024-05-14 14:48:40.409 [main] TC_01_AccountRegistrationTest - **** Finished TC_01_AccountRegistrationTest *****
[INFO ] 2024-05-14 14:48:45.414 [main] TC_02_LoginTestCase - *****Starting Test case 02********
[DEBUG] 2024-05-14 14:48:45.414 [main] TC_02_LoginTestCase - ***Capturing debug logs**********
[INFO ] 2024-05-14 14:48:45.502 [main] TC_02_LoginTestCase - .......Clicked on my account tabl......
[INFO ] 2024-05-14 14:48:46.133 [main] TC_02_LoginTestCase - .....Clicked on login link on home Page under my Account....
[INFO ] 2024-05-14 14:48:46.135 [main] TC_02_LoginTestCase - .........Entering valid email and password....
[INFO ] 2024-05-14 14:48:46.912 [main] TC_02_LoginTestCase - .......Clicked on Login Button......
[INFO ] 2024-05-14 14:48:46.960 [main] TC_02_LoginTestCase - ........Finished TC_02_Login Test.......
[INFO ] 2024-05-14 15:30:30.177 [main] TC_01_AccountRegistrationTest - **** Starting TC_01_AccountRegistrationTest *****
[DEBUG] 2024-05-14 15:30:30.182 [main] TC_01_AccountRegistrationTest - Application logs started...
[DEBUG] 2024-05-14 15:30:30.183 [main] TC_01_AccountRegistrationTest - Application logs.............
[INFO ] 2024-05-14 15:30:30.508 [main] TC_01_AccountRegistrationTest - Clicked on MyAccount link
[INFO ] 2024-05-14 15:30:31.202 [main] TC_01_AccountRegistrationTest - Clicked on Registration link
[INFO ] 2024-05-14 15:30:31.202 [main] TC_01_AccountRegistrationTest - Entering customer details...
[INFO ] 2024-05-14 15:30:34.804 [main] TC_01_AccountRegistrationTest - Clicked on Continue...
[INFO ] 2024-05-14 15:30:34.853 [main] TC_01_AccountRegistrationTest - Validated expected message.
[DEBUG] 2024-05-14 15:30:34.853 [main] TC_01_AccountRegistrationTest - Application logs end...
[INFO ] 2024-05-14 15:30:34.853 [main] TC_01_AccountRegistrationTest - **** Finished TC_01_AccountRegistrationTest *****
[INFO ] 2024-05-14 15:30:39.818 [main] TC_02_LoginTestCase - *****Starting Test case 02********
[DEBUG] 2024-05-14 15:30:39.818 [main] TC_02_LoginTestCase - ***Capturing debug logs**********
[INFO ] 2024-05-14 15:30:40.125 [main] TC_02_LoginTestCase - .......Clicked on my account tabl......
[INFO ] 2024-05-14 15:30:40.684 [main] TC_02_LoginTestCase - .....Clicked on login link on home Page under my Account....
[INFO ] 2024-05-14 15:30:40.686 [main] TC_02_LoginTestCase - .........Entering valid email and password....
[INFO ] 2024-05-14 15:30:41.435 [main] TC_02_LoginTestCase - .......Clicked on Login Button......
[INFO ] 2024-05-14 15:30:41.495 [main] TC_02_LoginTestCase - ........Finished TC_02_Login Test.......
[INFO ] 2024-05-14 15:33:12.674 [main] TC_01_AccountRegistrationTest - **** Starting TC_01_AccountRegistrationTest *****
[DEBUG] 2024-05-14 15:33:12.682 [main] TC_01_AccountRegistrationTest - Application logs started...
[DEBUG] 2024-05-14 15:33:12.683 [main] TC_01_AccountRegistrationTest - Application logs.............
[INFO ] 2024-05-14 15:33:12.911 [main] TC_01_AccountRegistrationTest - Clicked on MyAccount link
[INFO ] 2024-05-14 15:33:13.448 [main] TC_01_AccountRegistrationTest - Clicked on Registration link
[INFO ] 2024-05-14 15:33:13.448 [main] TC_01_AccountRegistrationTest - Entering customer details...
[INFO ] 2024-05-14 15:33:16.816 [main] TC_01_AccountRegistrationTest - Clicked on Continue...
[INFO ] 2024-05-14 15:33:16.874 [main] TC_01_AccountRegistrationTest - Validated expected message.
[DEBUG] 2024-05-14 15:33:16.874 [main] TC_01_AccountRegistrationTest - Application logs end...
[INFO ] 2024-05-14 15:33:16.874 [main] TC_01_AccountRegistrationTest - **** Finished TC_01_AccountRegistrationTest *****
[INFO ] 2024-05-14 15:33:23.314 [main] TC_02_LoginTestCase - *****Starting Test case 02********
[DEBUG] 2024-05-14 15:33:23.314 [main] TC_02_LoginTestCase - ***Capturing debug logs**********
[INFO ] 2024-05-14 15:33:23.447 [main] TC_02_LoginTestCase - .......Clicked on my account tabl......
[INFO ] 2024-05-14 15:33:23.981 [main] TC_02_LoginTestCase - .....Clicked on login link on home Page under my Account....
[INFO ] 2024-05-14 15:33:23.984 [main] TC_02_LoginTestCase - .........Entering valid email and password....
[INFO ] 2024-05-14 15:33:24.678 [main] TC_02_LoginTestCase - .......Clicked on Login Button......
[INFO ] 2024-05-14 15:33:24.728 [main] TC_02_LoginTestCase - ........Finished TC_02_Login Test.......
[DEBUG] 2024-05-14 15:33:29.649 [main] PackageRelationshipCollection - Parsing relationship: /xl/_rels/workbook.xml.rels
[DEBUG] 2024-05-14 15:33:29.652 [main] PackageRelationshipCollection - Parsing relationship: /xl/worksheets/_rels/sheet1.xml.rels
[DEBUG] 2024-05-14 15:33:29.654 [main] PackageRelationshipCollection - Parsing relationship: /_rels/.rels
[DEBUG] 2024-05-14 15:33:30.370 [main] PackageRelationshipCollection - Parsing relationship: /xl/_rels/workbook.xml.rels
[DEBUG] 2024-05-14 15:33:30.371 [main] PackageRelationshipCollection - Parsing relationship: /xl/worksheets/_rels/sheet1.xml.rels
[DEBUG] 2024-05-14 15:33:30.373 [main] PackageRelationshipCollection - Parsing relationship: /_rels/.rels
[DEBUG] 2024-05-14 15:33:30.410 [main] PackageRelationshipCollection - Parsing relationship: /xl/_rels/workbook.xml.rels
[DEBUG] 2024-05-14 15:33:30.412 [main] PackageRelationshipCollection - Parsing relationship: /xl/worksheets/_rels/sheet1.xml.rels
[DEBUG] 2024-05-14 15:33:30.413 [main] PackageRelationshipCollection - Parsing relationship: /_rels/.rels
[DEBUG] 2024-05-14 15:33:30.454 [main] PackageRelationshipCollection - Parsing relationship: /xl/_rels/workbook.xml.rels
[DEBUG] 2024-05-14 15:33:30.456 [main] PackageRelationshipCollection - Parsing relationship: /xl/worksheets/_rels/sheet1.xml.rels
[DEBUG] 2024-05-14 15:33:30.457 [main] PackageRelationshipCollection - Parsing relationship: /_rels/.rels
[DEBUG] 2024-05-14 15:33:30.490 [main] PackageRelationshipCollection - Parsing relationship: /xl/_rels/workbook.xml.rels
[DEBUG] 2024-05-14 15:33:30.492 [main] PackageRelationshipCollection - Parsing relationship: /xl/worksheets/_rels/sheet1.xml.rels
[DEBUG] 2024-05-14 15:33:30.493 [main] PackageRelationshipCollection - Parsing relationship: /_rels/.rels
[DEBUG] 2024-05-14 15:33:30.520 [main] PackageRelationshipCollection - Parsing relationship: /xl/_rels/workbook.xml.rels
[DEBUG] 2024-05-14 15:33:30.521 [main] PackageRelationshipCollection - Parsing relationship: /xl/worksheets/_rels/sheet1.xml.rels
[DEBUG] 2024-05-14 15:33:30.522 [main] PackageRelationshipCollection - Parsing relationship: /_rels/.rels
[DEBUG] 2024-05-14 15:33:30.552 [main] PackageRelationshipCollection - Parsing relationship: /xl/_rels/workbook.xml.rels
[DEBUG] 2024-05-14 15:33:30.553 [main] PackageRelationshipCollection - Parsing relationship: /xl/worksheets/_rels/sheet1.xml.rels
[DEBUG] 2024-05-14 15:33:30.554 [main] PackageRelationshipCollection - Parsing relationship: /_rels/.rels
[DEBUG] 2024-05-14 15:33:30.580 [main] PackageRelationshipCollection - Parsing relationship: /xl/_rels/workbook.xml.rels
[DEBUG] 2024-05-14 15:33:30.581 [main] PackageRelationshipCollection - Parsing relationship: /xl/worksheets/_rels/sheet1.xml.rels
[DEBUG] 2024-05-14 15:33:30.588 [main] PackageRelationshipCollection - Parsing relationship: /_rels/.rels
[DEBUG] 2024-05-14 15:33:30.620 [main] PackageRelationshipCollection - Parsing relationship: /xl/_rels/workbook.xml.rels
[DEBUG] 2024-05-14 15:33:30.621 [main] PackageRelationshipCollection - Parsing relationship: /xl/worksheets/_rels/sheet1.xml.rels
[DEBUG] 2024-05-14 15:33:30.622 [main] PackageRelationshipCollection - Parsing relationship: /_rels/.rels
[DEBUG] 2024-05-14 15:33:30.647 [main] PackageRelationshipCollection - Parsing relationship: /xl/_rels/workbook.xml.rels
[DEBUG] 2024-05-14 15:33:30.648 [main] PackageRelationshipCollection - Parsing relationship: /xl/worksheets/_rels/sheet1.xml.rels
[DEBUG] 2024-05-14 15:33:30.649 [main] PackageRelationshipCollection - Parsing relationship: /_rels/.rels
[DEBUG] 2024-05-14 15:33:30.673 [main] PackageRelationshipCollection - Parsing relationship: /xl/_rels/workbook.xml.rels
[DEBUG] 2024-05-14 15:33:30.674 [main] PackageRelationshipCollection - Parsing relationship: /xl/worksheets/_rels/sheet1.xml.rels
[DEBUG] 2024-05-14 15:33:30.675 [main] PackageRelationshipCollection - Parsing relationship: /_rels/.rels
[DEBUG] 2024-05-14 15:33:30.704 [main] PackageRelationshipCollection - Parsing relationship: /xl/_rels/workbook.xml.rels
[DEBUG] 2024-05-14 15:33:30.705 [main] PackageRelationshipCollection - Parsing relationship: /xl/worksheets/_rels/sheet1.xml.rels
[DEBUG] 2024-05-14 15:33:30.706 [main] PackageRelationshipCollection - Parsing relationship: /_rels/.rels
[DEBUG] 2024-05-14 15:33:30.734 [main] PackageRelationshipCollection - Parsing relationship: /xl/_rels/workbook.xml.rels
[DEBUG] 2024-05-14 15:33:30.735 [main] PackageRelationshipCollection - Parsing relationship: /xl/worksheets/_rels/sheet1.xml.rels
[DEBUG] 2024-05-14 15:33:30.736 [main] PackageRelationshipCollection - Parsing relationship: /_rels/.rels
[DEBUG] 2024-05-14 15:33:30.759 [main] PackageRelationshipCollection - Parsing relationship: /xl/_rels/workbook.xml.rels
[DEBUG] 2024-05-14 15:33:30.760 [main] PackageRelationshipCollection - Parsing relationship: /xl/worksheets/_rels/sheet1.xml.rels
[DEBUG] 2024-05-14 15:33:30.761 [main] PackageRelationshipCollection - Parsing relationship: /_rels/.rels
[DEBUG] 2024-05-14 15:33:30.794 [main] PackageRelationshipCollection - Parsing relationship: /xl/_rels/workbook.xml.rels
[DEBUG] 2024-05-14 15:33:30.795 [main] PackageRelationshipCollection - Parsing relationship: /xl/worksheets/_rels/sheet1.xml.rels
[DEBUG] 2024-05-14 15:33:30.796 [main] PackageRelationshipCollection - Parsing relationship: /_rels/.rels
[DEBUG] 2024-05-14 15:33:30.822 [main] PackageRelationshipCollection - Parsing relationship: /xl/_rels/workbook.xml.rels
[DEBUG] 2024-05-14 15:33:30.823 [main] PackageRelationshipCollection - Parsing relationship: /xl/worksheets/_rels/sheet1.xml.rels
[DEBUG] 2024-05-14 15:33:30.824 [main] PackageRelationshipCollection - Parsing relationship: /_rels/.rels
[DEBUG] 2024-05-14 15:33:30.869 [main] PackageRelationshipCollection - Parsing relationship: /xl/_rels/workbook.xml.rels
[DEBUG] 2024-05-14 15:33:30.870 [main] PackageRelationshipCollection - Parsing relationship: /xl/worksheets/_rels/sheet1.xml.rels
[DEBUG] 2024-05-14 15:33:30.872 [main] PackageRelationshipCollection - Parsing relationship: /_rels/.rels
[INFO ] 2024-05-14 15:33:30.902 [main] TC_03_LoginDDT - ............Starting TC_03_LoginDDT Test caces...... 
[INFO ] 2024-05-14 15:33:31.035 [main] TC_03_LoginDDT - .......Clicked on my account tabl......
[INFO ] 2024-05-14 15:33:31.530 [main] TC_03_LoginDDT - .....Clicked on login link on home Page under my Account....
[INFO ] 2024-05-14 15:33:31.531 [main] TC_03_LoginDDT - .........Entering valid email and password....
[INFO ] 2024-05-14 15:33:32.229 [main] TC_03_LoginDDT - .......Clicked on Login Button......
[INFO ] 2024-05-14 15:33:32.736 [main] TC_03_LoginDDT - ............Starting TC_03_LoginDDT Test caces...... 
[INFO ] 2024-05-14 15:33:32.788 [main] TC_03_LoginDDT - .......Clicked on my account tabl......
[INFO ] 2024-05-14 15:33:33.152 [main] TC_03_LoginDDT - .....Clicked on login link on home Page under my Account....
[INFO ] 2024-05-14 15:33:33.153 [main] TC_03_LoginDDT - .........Entering valid email and password....
[INFO ] 2024-05-14 15:33:33.738 [main] TC_03_LoginDDT - .......Clicked on Login Button......
[INFO ] 2024-05-14 15:33:43.799 [main] TC_03_LoginDDT - ............Starting TC_03_LoginDDT Test caces...... 
[INFO ] 2024-05-14 15:33:43.875 [main] TC_03_LoginDDT - .......Clicked on my account tabl......
[INFO ] 2024-05-14 15:33:53.960 [main] TC_03_LoginDDT - ............Starting TC_03_LoginDDT Test caces...... 
[INFO ] 2024-05-14 15:33:54.027 [main] TC_03_LoginDDT - .......Clicked on my account tabl......
[INFO ] 2024-05-14 15:33:54.407 [main] TC_03_LoginDDT - .....Clicked on login link on home Page under my Account....
[INFO ] 2024-05-14 15:33:54.407 [main] TC_03_LoginDDT - .........Entering valid email and password....
[INFO ] 2024-05-14 15:33:54.992 [main] TC_03_LoginDDT - .......Clicked on Login Button......
[INFO ] 2024-05-14 15:34:05.035 [main] TC_03_LoginDDT - ............Starting TC_03_LoginDDT Test caces...... 
[INFO ] 2024-05-14 15:34:05.109 [main] TC_03_LoginDDT - .......Clicked on my account tabl......
[INFO ] 2024-05-14 15:34:05.517 [main] TC_03_LoginDDT - .....Clicked on login link on home Page under my Account....
[INFO ] 2024-05-14 15:34:05.518 [main] TC_03_LoginDDT - .........Entering valid email and password....
[INFO ] 2024-05-14 15:34:06.442 [main] TC_03_LoginDDT - .......Clicked on Login Button......
[INFO ] 2024-05-14 15:47:48.906 [main] TC_02_LoginTestCase - *****Starting Test case 02********
[DEBUG] 2024-05-14 15:47:48.911 [main] TC_02_LoginTestCase - ***Capturing debug logs**********
[INFO ] 2024-05-14 15:47:49.174 [main] TC_02_LoginTestCase - .......Clicked on my account tabl......
[INFO ] 2024-05-14 15:47:49.751 [main] TC_02_LoginTestCase - .....Clicked on login link on home Page under my Account....
[INFO ] 2024-05-14 15:47:49.755 [main] TC_02_LoginTestCase - .........Entering valid email and password....
[INFO ] 2024-05-14 15:47:50.529 [main] TC_02_LoginTestCase - .......Clicked on Login Button......
[INFO ] 2024-05-14 15:47:50.586 [main] TC_02_LoginTestCase - ........Finished TC_02_Login Test.......
[INFO ] 2024-05-14 15:49:06.216 [main] TC_01_AccountRegistrationTest - **** Starting TC_01_AccountRegistrationTest *****
[DEBUG] 2024-05-14 15:49:06.225 [main] TC_01_AccountRegistrationTest - Application logs started...
[DEBUG] 2024-05-14 15:49:06.225 [main] TC_01_AccountRegistrationTest - Application logs.............
[INFO ] 2024-05-14 15:49:06.398 [main] TC_01_AccountRegistrationTest - Clicked on MyAccount link
[INFO ] 2024-05-14 15:49:07.070 [main] TC_01_AccountRegistrationTest - Clicked on Registration link
[INFO ] 2024-05-14 15:49:07.070 [main] TC_01_AccountRegistrationTest - Entering customer details...
[INFO ] 2024-05-14 15:49:10.652 [main] TC_01_AccountRegistrationTest - Clicked on Continue...
[INFO ] 2024-05-14 15:49:10.775 [main] TC_01_AccountRegistrationTest - Validated expected message.
[DEBUG] 2024-05-14 15:49:10.775 [main] TC_01_AccountRegistrationTest - Application logs end...
[INFO ] 2024-05-14 15:49:10.775 [main] TC_01_AccountRegistrationTest - **** Finished TC_01_AccountRegistrationTest *****
[INFO ] 2024-05-14 21:21:38.355 [main] TC_01_AccountRegistrationTest - **** Starting TC_01_AccountRegistrationTest *****
[DEBUG] 2024-05-14 21:21:38.370 [main] TC_01_AccountRegistrationTest - Application logs started...
[DEBUG] 2024-05-14 21:21:38.370 [main] TC_01_AccountRegistrationTest - Application logs.............
[INFO ] 2024-05-14 21:21:38.626 [main] TC_01_AccountRegistrationTest - Clicked on MyAccount link
[INFO ] 2024-05-14 21:21:39.621 [main] TC_01_AccountRegistrationTest - Clicked on Registration link
[INFO ] 2024-05-14 21:21:39.621 [main] TC_01_AccountRegistrationTest - Entering customer details...
[INFO ] 2024-05-14 21:21:43.897 [main] TC_01_AccountRegistrationTest - Clicked on Continue...
[INFO ] 2024-05-14 21:21:43.976 [main] TC_01_AccountRegistrationTest - Validated expected message.
[DEBUG] 2024-05-14 21:21:43.977 [main] TC_01_AccountRegistrationTest - Application logs end...
[INFO ] 2024-05-14 21:21:43.977 [main] TC_01_AccountRegistrationTest - **** Finished TC_01_AccountRegistrationTest *****
[INFO ] 2024-05-14 21:21:50.859 [main] TC_02_LoginTestCase - *****Starting Test case 02********
[DEBUG] 2024-05-14 21:21:50.860 [main] TC_02_LoginTestCase - ***Capturing debug logs**********
[INFO ] 2024-05-14 21:21:50.989 [main] TC_02_LoginTestCase - .......Clicked on my account tabl......
[INFO ] 2024-05-14 21:21:51.959 [main] TC_02_LoginTestCase - .....Clicked on login link on home Page under my Account....
[INFO ] 2024-05-14 21:21:51.961 [main] TC_02_LoginTestCase - .........Entering valid email and password....
[INFO ] 2024-05-14 21:21:53.021 [main] TC_02_LoginTestCase - .......Clicked on Login Button......
[INFO ] 2024-05-14 21:21:53.094 [main] TC_02_LoginTestCase - ........Finished TC_02_Login Test.......
[INFO ] 2024-05-14 21:27:13.770 [main] TC_01_AccountRegistrationTest - **** Starting TC_01_AccountRegistrationTest *****
[DEBUG] 2024-05-14 21:27:13.778 [main] TC_01_AccountRegistrationTest - Application logs started...
[DEBUG] 2024-05-14 21:27:13.778 [main] TC_01_AccountRegistrationTest - Application logs.............
[INFO ] 2024-05-14 21:27:13.942 [main] TC_01_AccountRegistrationTest - Clicked on MyAccount link
[INFO ] 2024-05-14 21:27:15.074 [main] TC_01_AccountRegistrationTest - Clicked on Registration link
[INFO ] 2024-05-14 21:27:15.074 [main] TC_01_AccountRegistrationTest - Entering customer details...
[INFO ] 2024-05-14 21:27:19.218 [main] TC_01_AccountRegistrationTest - Clicked on Continue...
[DEBUG] 2024-05-14 21:27:19.277 [main] TC_01_AccountRegistrationTest - Application logs end...
[INFO ] 2024-05-14 21:27:19.277 [main] TC_01_AccountRegistrationTest - **** Finished TC_01_AccountRegistrationTest *****
[INFO ] 2024-05-14 21:27:24.327 [main] TC_02_LoginTestCase - *****Starting Test case 02********
[DEBUG] 2024-05-14 21:27:24.330 [main] TC_02_LoginTestCase - ***Capturing debug logs**********
[INFO ] 2024-05-14 21:27:24.493 [main] TC_02_LoginTestCase - .......Clicked on my account tabl......
[INFO ] 2024-05-14 21:27:25.209 [main] TC_02_LoginTestCase - .....Clicked on login link on home Page under my Account....
[INFO ] 2024-05-14 21:27:25.210 [main] TC_02_LoginTestCase - .........Entering valid email and password....
[INFO ] 2024-05-14 21:27:26.234 [main] TC_02_LoginTestCase - .......Clicked on Login Button......
[INFO ] 2024-05-14 21:27:26.297 [main] TC_02_LoginTestCase - ........Finished TC_02_Login Test.......
[DEBUG] 2024-05-14 21:27:31.593 [main] PackageRelationshipCollection - Parsing relationship: /xl/_rels/workbook.xml.rels
[DEBUG] 2024-05-14 21:27:31.597 [main] PackageRelationshipCollection - Parsing relationship: /xl/worksheets/_rels/sheet1.xml.rels
[DEBUG] 2024-05-14 21:27:31.602 [main] PackageRelationshipCollection - Parsing relationship: /_rels/.rels
[DEBUG] 2024-05-14 21:27:32.522 [main] PackageRelationshipCollection - Parsing relationship: /xl/_rels/workbook.xml.rels
[DEBUG] 2024-05-14 21:27:32.524 [main] PackageRelationshipCollection - Parsing relationship: /xl/worksheets/_rels/sheet1.xml.rels
[DEBUG] 2024-05-14 21:27:32.526 [main] PackageRelationshipCollection - Parsing relationship: /_rels/.rels
[DEBUG] 2024-05-14 21:27:32.573 [main] PackageRelationshipCollection - Parsing relationship: /xl/_rels/workbook.xml.rels
[DEBUG] 2024-05-14 21:27:32.574 [main] PackageRelationshipCollection - Parsing relationship: /xl/worksheets/_rels/sheet1.xml.rels
[DEBUG] 2024-05-14 21:27:32.576 [main] PackageRelationshipCollection - Parsing relationship: /_rels/.rels
[DEBUG] 2024-05-14 21:27:32.630 [main] PackageRelationshipCollection - Parsing relationship: /xl/_rels/workbook.xml.rels
[DEBUG] 2024-05-14 21:27:32.631 [main] PackageRelationshipCollection - Parsing relationship: /xl/worksheets/_rels/sheet1.xml.rels
[DEBUG] 2024-05-14 21:27:32.633 [main] PackageRelationshipCollection - Parsing relationship: /_rels/.rels
[DEBUG] 2024-05-14 21:27:32.672 [main] PackageRelationshipCollection - Parsing relationship: /xl/_rels/workbook.xml.rels
[DEBUG] 2024-05-14 21:27:32.673 [main] PackageRelationshipCollection - Parsing relationship: /xl/worksheets/_rels/sheet1.xml.rels
[DEBUG] 2024-05-14 21:27:32.674 [main] PackageRelationshipCollection - Parsing relationship: /_rels/.rels
[DEBUG] 2024-05-14 21:27:32.708 [main] PackageRelationshipCollection - Parsing relationship: /xl/_rels/workbook.xml.rels
[DEBUG] 2024-05-14 21:27:32.709 [main] PackageRelationshipCollection - Parsing relationship: /xl/worksheets/_rels/sheet1.xml.rels
[DEBUG] 2024-05-14 21:27:32.710 [main] PackageRelationshipCollection - Parsing relationship: /_rels/.rels
[DEBUG] 2024-05-14 21:27:32.756 [main] PackageRelationshipCollection - Parsing relationship: /xl/_rels/workbook.xml.rels
[DEBUG] 2024-05-14 21:27:32.757 [main] PackageRelationshipCollection - Parsing relationship: /xl/worksheets/_rels/sheet1.xml.rels
[DEBUG] 2024-05-14 21:27:32.759 [main] PackageRelationshipCollection - Parsing relationship: /_rels/.rels
[DEBUG] 2024-05-14 21:27:32.795 [main] PackageRelationshipCollection - Parsing relationship: /xl/_rels/workbook.xml.rels
[DEBUG] 2024-05-14 21:27:32.797 [main] PackageRelationshipCollection - Parsing relationship: /xl/worksheets/_rels/sheet1.xml.rels
[DEBUG] 2024-05-14 21:27:32.798 [main] PackageRelationshipCollection - Parsing relationship: /_rels/.rels
[DEBUG] 2024-05-14 21:27:32.831 [main] PackageRelationshipCollection - Parsing relationship: /xl/_rels/workbook.xml.rels
[DEBUG] 2024-05-14 21:27:32.833 [main] PackageRelationshipCollection - Parsing relationship: /xl/worksheets/_rels/sheet1.xml.rels
[DEBUG] 2024-05-14 21:27:32.834 [main] PackageRelationshipCollection - Parsing relationship: /_rels/.rels
[DEBUG] 2024-05-14 21:27:32.867 [main] PackageRelationshipCollection - Parsing relationship: /xl/_rels/workbook.xml.rels
[DEBUG] 2024-05-14 21:27:32.868 [main] PackageRelationshipCollection - Parsing relationship: /xl/worksheets/_rels/sheet1.xml.rels
[DEBUG] 2024-05-14 21:27:32.869 [main] PackageRelationshipCollection - Parsing relationship: /_rels/.rels
[DEBUG] 2024-05-14 21:27:32.901 [main] PackageRelationshipCollection - Parsing relationship: /xl/_rels/workbook.xml.rels
[DEBUG] 2024-05-14 21:27:32.902 [main] PackageRelationshipCollection - Parsing relationship: /xl/worksheets/_rels/sheet1.xml.rels
[DEBUG] 2024-05-14 21:27:32.903 [main] PackageRelationshipCollection - Parsing relationship: /_rels/.rels
[DEBUG] 2024-05-14 21:27:32.934 [main] PackageRelationshipCollection - Parsing relationship: /xl/_rels/workbook.xml.rels
[DEBUG] 2024-05-14 21:27:32.935 [main] PackageRelationshipCollection - Parsing relationship: /xl/worksheets/_rels/sheet1.xml.rels
[DEBUG] 2024-05-14 21:27:32.936 [main] PackageRelationshipCollection - Parsing relationship: /_rels/.rels
[DEBUG] 2024-05-14 21:27:32.961 [main] PackageRelationshipCollection - Parsing relationship: /xl/_rels/workbook.xml.rels
[DEBUG] 2024-05-14 21:27:32.962 [main] PackageRelationshipCollection - Parsing relationship: /xl/worksheets/_rels/sheet1.xml.rels
[DEBUG] 2024-05-14 21:27:32.963 [main] PackageRelationshipCollection - Parsing relationship: /_rels/.rels
[DEBUG] 2024-05-14 21:27:33.005 [main] PackageRelationshipCollection - Parsing relationship: /xl/_rels/workbook.xml.rels
[DEBUG] 2024-05-14 21:27:33.007 [main] PackageRelationshipCollection - Parsing relationship: /xl/worksheets/_rels/sheet1.xml.rels
[DEBUG] 2024-05-14 21:27:33.008 [main] PackageRelationshipCollection - Parsing relationship: /_rels/.rels
[DEBUG] 2024-05-14 21:27:33.040 [main] PackageRelationshipCollection - Parsing relationship: /xl/_rels/workbook.xml.rels
[DEBUG] 2024-05-14 21:27:33.041 [main] PackageRelationshipCollection - Parsing relationship: /xl/worksheets/_rels/sheet1.xml.rels
[DEBUG] 2024-05-14 21:27:33.044 [main] PackageRelationshipCollection - Parsing relationship: /_rels/.rels
[DEBUG] 2024-05-14 21:27:33.078 [main] PackageRelationshipCollection - Parsing relationship: /xl/_rels/workbook.xml.rels
[DEBUG] 2024-05-14 21:27:33.079 [main] PackageRelationshipCollection - Parsing relationship: /xl/worksheets/_rels/sheet1.xml.rels
[DEBUG] 2024-05-14 21:27:33.080 [main] PackageRelationshipCollection - Parsing relationship: /_rels/.rels
[DEBUG] 2024-05-14 21:27:33.359 [main] PackageRelationshipCollection - Parsing relationship: /xl/_rels/workbook.xml.rels
[DEBUG] 2024-05-14 21:27:33.360 [main] PackageRelationshipCollection - Parsing relationship: /xl/worksheets/_rels/sheet1.xml.rels
[DEBUG] 2024-05-14 21:27:33.362 [main] PackageRelationshipCollection - Parsing relationship: /_rels/.rels
[INFO ] 2024-05-14 21:27:33.419 [main] TC_03_LoginDDT - ............Starting TC_03_LoginDDT Test caces...... 
[INFO ] 2024-05-14 21:27:33.557 [main] TC_03_LoginDDT - .......Clicked on my account tabl......
[INFO ] 2024-05-14 21:27:34.657 [main] TC_03_LoginDDT - .....Clicked on login link on home Page under my Account....
[INFO ] 2024-05-14 21:27:34.658 [main] TC_03_LoginDDT - .........Entering valid email and password....
[INFO ] 2024-05-14 21:27:35.867 [main] TC_03_LoginDDT - .......Clicked on Login Button......
[INFO ] 2024-05-14 21:27:37.251 [main] TC_03_LoginDDT - ............Starting TC_03_LoginDDT Test caces...... 
[INFO ] 2024-05-14 21:27:37.358 [main] TC_03_LoginDDT - .......Clicked on my account tabl......
[INFO ] 2024-05-14 21:27:37.933 [main] TC_03_LoginDDT - .....Clicked on login link on home Page under my Account....
[INFO ] 2024-05-14 21:27:37.935 [main] TC_03_LoginDDT - .........Entering valid email and password....
[INFO ] 2024-05-14 21:27:38.870 [main] TC_03_LoginDDT - .......Clicked on Login Button......
[INFO ] 2024-05-14 21:27:48.967 [main] TC_03_LoginDDT - ............Starting TC_03_LoginDDT Test caces...... 
[INFO ] 2024-05-14 21:27:49.043 [main] TC_03_LoginDDT - .......Clicked on my account tabl......
[INFO ] 2024-05-14 21:27:49.664 [main] TC_03_LoginDDT - .....Clicked on login link on home Page under my Account....
[INFO ] 2024-05-14 21:27:49.665 [main] TC_03_LoginDDT - .........Entering valid email and password....
[INFO ] 2024-05-14 21:27:50.551 [main] TC_03_LoginDDT - .......Clicked on Login Button......
[INFO ] 2024-05-14 21:28:00.599 [main] TC_03_LoginDDT - ............Starting TC_03_LoginDDT Test caces...... 
[INFO ] 2024-05-14 21:28:00.744 [main] TC_03_LoginDDT - .......Clicked on my account tabl......
[INFO ] 2024-05-14 21:28:01.486 [main] TC_03_LoginDDT - .....Clicked on login link on home Page under my Account....
[INFO ] 2024-05-14 21:28:01.489 [main] TC_03_LoginDDT - .........Entering valid email and password....
[INFO ] 2024-05-14 21:28:02.398 [main] TC_03_LoginDDT - .......Clicked on Login Button......
[INFO ] 2024-05-14 21:28:12.450 [main] TC_03_LoginDDT - ............Starting TC_03_LoginDDT Test caces...... 
[INFO ] 2024-05-14 21:28:12.517 [main] TC_03_LoginDDT - .......Clicked on my account tabl......
[INFO ] 2024-05-14 21:28:13.101 [main] TC_03_LoginDDT - .....Clicked on login link on home Page under my Account....
[INFO ] 2024-05-14 21:28:13.102 [main] TC_03_LoginDDT - .........Entering valid email and password....
[INFO ] 2024-05-14 21:28:14.094 [main] TC_03_LoginDDT - .......Clicked on Login Button......
[INFO ] 2024-05-14 21:29:38.507 [main] TC_01_AccountRegistrationTest - **** Starting TC_01_AccountRegistrationTest *****
[DEBUG] 2024-05-14 21:29:38.514 [main] TC_01_AccountRegistrationTest - Application logs started...
[DEBUG] 2024-05-14 21:29:38.514 [main] TC_01_AccountRegistrationTest - Application logs.............
[INFO ] 2024-05-14 21:29:39.143 [main] TC_01_AccountRegistrationTest - Clicked on MyAccount link
[INFO ] 2024-05-14 21:29:39.920 [main] TC_01_AccountRegistrationTest - Clicked on Registration link
[INFO ] 2024-05-14 21:29:39.920 [main] TC_01_AccountRegistrationTest - Entering customer details...
[INFO ] 2024-05-14 21:29:43.971 [main] TC_01_AccountRegistrationTest - Clicked on Continue...
[DEBUG] 2024-05-14 21:29:44.050 [main] TC_01_AccountRegistrationTest - Application logs end...
[INFO ] 2024-05-14 21:29:44.050 [main] TC_01_AccountRegistrationTest - **** Finished TC_01_AccountRegistrationTest *****
[INFO ] 2024-05-14 21:29:47.687 [main] TC_02_LoginTestCase - *****Starting Test case 02********
[DEBUG] 2024-05-14 21:29:47.687 [main] TC_02_LoginTestCase - ***Capturing debug logs**********
[INFO ] 2024-05-14 21:29:48.418 [main] TC_02_LoginTestCase - .......Clicked on my account tabl......
[INFO ] 2024-05-14 21:29:49.027 [main] TC_02_LoginTestCase - .....Clicked on login link on home Page under my Account....
[INFO ] 2024-05-14 21:29:49.031 [main] TC_02_LoginTestCase - .........Entering valid email and password....
[INFO ] 2024-05-14 21:29:50.250 [main] TC_02_LoginTestCase - .......Clicked on Login Button......
[INFO ] 2024-05-14 21:29:50.299 [main] TC_02_LoginTestCase - ........Finished TC_02_Login Test.......
[DEBUG] 2024-05-14 21:29:52.580 [main] PackageRelationshipCollection - Parsing relationship: /xl/_rels/workbook.xml.rels
[DEBUG] 2024-05-14 21:29:52.587 [main] PackageRelationshipCollection - Parsing relationship: /xl/worksheets/_rels/sheet1.xml.rels
[DEBUG] 2024-05-14 21:29:52.589 [main] PackageRelationshipCollection - Parsing relationship: /_rels/.rels
[DEBUG] 2024-05-14 21:29:53.460 [main] PackageRelationshipCollection - Parsing relationship: /xl/_rels/workbook.xml.rels
[DEBUG] 2024-05-14 21:29:53.461 [main] PackageRelationshipCollection - Parsing relationship: /xl/worksheets/_rels/sheet1.xml.rels
[DEBUG] 2024-05-14 21:29:53.463 [main] PackageRelationshipCollection - Parsing relationship: /_rels/.rels
[DEBUG] 2024-05-14 21:29:53.514 [main] PackageRelationshipCollection - Parsing relationship: /xl/_rels/workbook.xml.rels
[DEBUG] 2024-05-14 21:29:53.517 [main] PackageRelationshipCollection - Parsing relationship: /xl/worksheets/_rels/sheet1.xml.rels
[DEBUG] 2024-05-14 21:29:53.518 [main] PackageRelationshipCollection - Parsing relationship: /_rels/.rels
[DEBUG] 2024-05-14 21:29:53.581 [main] PackageRelationshipCollection - Parsing relationship: /xl/_rels/workbook.xml.rels
[DEBUG] 2024-05-14 21:29:53.585 [main] PackageRelationshipCollection - Parsing relationship: /xl/worksheets/_rels/sheet1.xml.rels
[DEBUG] 2024-05-14 21:29:53.587 [main] PackageRelationshipCollection - Parsing relationship: /_rels/.rels
[DEBUG] 2024-05-14 21:29:53.631 [main] PackageRelationshipCollection - Parsing relationship: /xl/_rels/workbook.xml.rels
[DEBUG] 2024-05-14 21:29:53.632 [main] PackageRelationshipCollection - Parsing relationship: /xl/worksheets/_rels/sheet1.xml.rels
[DEBUG] 2024-05-14 21:29:53.634 [main] PackageRelationshipCollection - Parsing relationship: /_rels/.rels
[DEBUG] 2024-05-14 21:29:53.680 [main] PackageRelationshipCollection - Parsing relationship: /xl/_rels/workbook.xml.rels
[DEBUG] 2024-05-14 21:29:53.681 [main] PackageRelationshipCollection - Parsing relationship: /xl/worksheets/_rels/sheet1.xml.rels
[DEBUG] 2024-05-14 21:29:53.683 [main] PackageRelationshipCollection - Parsing relationship: /_rels/.rels
[DEBUG] 2024-05-14 21:29:53.716 [main] PackageRelationshipCollection - Parsing relationship: /xl/_rels/workbook.xml.rels
[DEBUG] 2024-05-14 21:29:53.718 [main] PackageRelationshipCollection - Parsing relationship: /xl/worksheets/_rels/sheet1.xml.rels
[DEBUG] 2024-05-14 21:29:53.719 [main] PackageRelationshipCollection - Parsing relationship: /_rels/.rels
[DEBUG] 2024-05-14 21:29:53.768 [main] PackageRelationshipCollection - Parsing relationship: /xl/_rels/workbook.xml.rels
[DEBUG] 2024-05-14 21:29:53.770 [main] PackageRelationshipCollection - Parsing relationship: /xl/worksheets/_rels/sheet1.xml.rels
[DEBUG] 2024-05-14 21:29:53.771 [main] PackageRelationshipCollection - Parsing relationship: /_rels/.rels
[DEBUG] 2024-05-14 21:29:53.924 [main] PackageRelationshipCollection - Parsing relationship: /xl/_rels/workbook.xml.rels
[DEBUG] 2024-05-14 21:29:53.931 [main] PackageRelationshipCollection - Parsing relationship: /xl/worksheets/_rels/sheet1.xml.rels
[DEBUG] 2024-05-14 21:29:53.943 [main] PackageRelationshipCollection - Parsing relationship: /_rels/.rels
[DEBUG] 2024-05-14 21:29:54.079 [main] PackageRelationshipCollection - Parsing relationship: /xl/_rels/workbook.xml.rels
[DEBUG] 2024-05-14 21:29:54.081 [main] PackageRelationshipCollection - Parsing relationship: /xl/worksheets/_rels/sheet1.xml.rels
[DEBUG] 2024-05-14 21:29:54.082 [main] PackageRelationshipCollection - Parsing relationship: /_rels/.rels
[DEBUG] 2024-05-14 21:29:54.132 [main] PackageRelationshipCollection - Parsing relationship: /xl/_rels/workbook.xml.rels
[DEBUG] 2024-05-14 21:29:54.133 [main] PackageRelationshipCollection - Parsing relationship: /xl/worksheets/_rels/sheet1.xml.rels
[DEBUG] 2024-05-14 21:29:54.135 [main] PackageRelationshipCollection - Parsing relationship: /_rels/.rels
[DEBUG] 2024-05-14 21:29:54.186 [main] PackageRelationshipCollection - Parsing relationship: /xl/_rels/workbook.xml.rels
[DEBUG] 2024-05-14 21:29:54.187 [main] PackageRelationshipCollection - Parsing relationship: /xl/worksheets/_rels/sheet1.xml.rels
[DEBUG] 2024-05-14 21:29:54.188 [main] PackageRelationshipCollection - Parsing relationship: /_rels/.rels
[DEBUG] 2024-05-14 21:29:54.231 [main] PackageRelationshipCollection - Parsing relationship: /xl/_rels/workbook.xml.rels
[DEBUG] 2024-05-14 21:29:54.234 [main] PackageRelationshipCollection - Parsing relationship: /xl/worksheets/_rels/sheet1.xml.rels
[DEBUG] 2024-05-14 21:29:54.236 [main] PackageRelationshipCollection - Parsing relationship: /_rels/.rels
[DEBUG] 2024-05-14 21:29:54.282 [main] PackageRelationshipCollection - Parsing relationship: /xl/_rels/workbook.xml.rels
[DEBUG] 2024-05-14 21:29:54.285 [main] PackageRelationshipCollection - Parsing relationship: /xl/worksheets/_rels/sheet1.xml.rels
[DEBUG] 2024-05-14 21:29:54.285 [main] PackageRelationshipCollection - Parsing relationship: /_rels/.rels
[DEBUG] 2024-05-14 21:29:54.324 [main] PackageRelationshipCollection - Parsing relationship: /xl/_rels/workbook.xml.rels
[DEBUG] 2024-05-14 21:29:54.325 [main] PackageRelationshipCollection - Parsing relationship: /xl/worksheets/_rels/sheet1.xml.rels
[DEBUG] 2024-05-14 21:29:54.326 [main] PackageRelationshipCollection - Parsing relationship: /_rels/.rels
[DEBUG] 2024-05-14 21:29:54.359 [main] PackageRelationshipCollection - Parsing relationship: /xl/_rels/workbook.xml.rels
[DEBUG] 2024-05-14 21:29:54.360 [main] PackageRelationshipCollection - Parsing relationship: /xl/worksheets/_rels/sheet1.xml.rels
[DEBUG] 2024-05-14 21:29:54.362 [main] PackageRelationshipCollection - Parsing relationship: /_rels/.rels
[DEBUG] 2024-05-14 21:29:54.391 [main] PackageRelationshipCollection - Parsing relationship: /xl/_rels/workbook.xml.rels
[DEBUG] 2024-05-14 21:29:54.393 [main] PackageRelationshipCollection - Parsing relationship: /xl/worksheets/_rels/sheet1.xml.rels
[DEBUG] 2024-05-14 21:29:54.393 [main] PackageRelationshipCollection - Parsing relationship: /_rels/.rels
[INFO ] 2024-05-14 21:31:24.130 [main] TC_01_AccountRegistrationTest - **** Starting TC_01_AccountRegistrationTest *****
[DEBUG] 2024-05-14 21:31:24.142 [main] TC_01_AccountRegistrationTest - Application logs started...
[DEBUG] 2024-05-14 21:31:24.142 [main] TC_01_AccountRegistrationTest - Application logs.............
[INFO ] 2024-05-14 21:31:24.783 [main] TC_01_AccountRegistrationTest - Clicked on MyAccount link
[INFO ] 2024-05-14 21:31:25.485 [main] TC_01_AccountRegistrationTest - Clicked on Registration link
[INFO ] 2024-05-14 21:31:25.486 [main] TC_01_AccountRegistrationTest - Entering customer details...
[INFO ] 2024-05-14 21:31:29.404 [main] TC_01_AccountRegistrationTest - Clicked on Continue...
[DEBUG] 2024-05-14 21:31:29.497 [main] TC_01_AccountRegistrationTest - Application logs end...
[INFO ] 2024-05-14 21:31:29.498 [main] TC_01_AccountRegistrationTest - **** Finished TC_01_AccountRegistrationTest *****
[INFO ] 2024-05-14 21:31:32.669 [main] TC_02_LoginTestCase - *****Starting Test case 02********
[DEBUG] 2024-05-14 21:31:32.669 [main] TC_02_LoginTestCase - ***Capturing debug logs**********
[INFO ] 2024-05-14 21:31:33.420 [main] TC_02_LoginTestCase - .......Clicked on my account tabl......
[INFO ] 2024-05-14 21:31:34.039 [main] TC_02_LoginTestCase - .....Clicked on login link on home Page under my Account....
[INFO ] 2024-05-14 21:31:34.042 [main] TC_02_LoginTestCase - .........Entering valid email and password....
[INFO ] 2024-05-14 21:31:35.135 [main] TC_02_LoginTestCase - .......Clicked on Login Button......
[INFO ] 2024-05-14 21:31:35.194 [main] TC_02_LoginTestCase - ........Finished TC_02_Login Test.......
[DEBUG] 2024-05-14 21:31:38.409 [main] PackageRelationshipCollection - Parsing relationship: /xl/_rels/workbook.xml.rels
[DEBUG] 2024-05-14 21:31:38.414 [main] PackageRelationshipCollection - Parsing relationship: /xl/worksheets/_rels/sheet1.xml.rels
[DEBUG] 2024-05-14 21:31:38.419 [main] PackageRelationshipCollection - Parsing relationship: /_rels/.rels
[DEBUG] 2024-05-14 21:31:39.497 [main] PackageRelationshipCollection - Parsing relationship: /xl/_rels/workbook.xml.rels
[DEBUG] 2024-05-14 21:31:39.499 [main] PackageRelationshipCollection - Parsing relationship: /xl/worksheets/_rels/sheet1.xml.rels
[DEBUG] 2024-05-14 21:31:39.501 [main] PackageRelationshipCollection - Parsing relationship: /_rels/.rels
[DEBUG] 2024-05-14 21:31:39.546 [main] PackageRelationshipCollection - Parsing relationship: /xl/_rels/workbook.xml.rels
[DEBUG] 2024-05-14 21:31:39.547 [main] PackageRelationshipCollection - Parsing relationship: /xl/worksheets/_rels/sheet1.xml.rels
[DEBUG] 2024-05-14 21:31:39.549 [main] PackageRelationshipCollection - Parsing relationship: /_rels/.rels
[DEBUG] 2024-05-14 21:31:39.600 [main] PackageRelationshipCollection - Parsing relationship: /xl/_rels/workbook.xml.rels
[DEBUG] 2024-05-14 21:31:39.602 [main] PackageRelationshipCollection - Parsing relationship: /xl/worksheets/_rels/sheet1.xml.rels
[DEBUG] 2024-05-14 21:31:39.603 [main] PackageRelationshipCollection - Parsing relationship: /_rels/.rels
[DEBUG] 2024-05-14 21:31:39.643 [main] PackageRelationshipCollection - Parsing relationship: /xl/_rels/workbook.xml.rels
[DEBUG] 2024-05-14 21:31:39.645 [main] PackageRelationshipCollection - Parsing relationship: /xl/worksheets/_rels/sheet1.xml.rels
[DEBUG] 2024-05-14 21:31:39.647 [main] PackageRelationshipCollection - Parsing relationship: /_rels/.rels
[DEBUG] 2024-05-14 21:31:39.686 [main] PackageRelationshipCollection - Parsing relationship: /xl/_rels/workbook.xml.rels
[DEBUG] 2024-05-14 21:31:39.688 [main] PackageRelationshipCollection - Parsing relationship: /xl/worksheets/_rels/sheet1.xml.rels
[DEBUG] 2024-05-14 21:31:39.689 [main] PackageRelationshipCollection - Parsing relationship: /_rels/.rels
[DEBUG] 2024-05-14 21:31:39.727 [main] PackageRelationshipCollection - Parsing relationship: /xl/_rels/workbook.xml.rels
[DEBUG] 2024-05-14 21:31:39.729 [main] PackageRelationshipCollection - Parsing relationship: /xl/worksheets/_rels/sheet1.xml.rels
[DEBUG] 2024-05-14 21:31:39.730 [main] PackageRelationshipCollection - Parsing relationship: /_rels/.rels
[DEBUG] 2024-05-14 21:31:39.778 [main] PackageRelationshipCollection - Parsing relationship: /xl/_rels/workbook.xml.rels
[DEBUG] 2024-05-14 21:31:39.779 [main] PackageRelationshipCollection - Parsing relationship: /xl/worksheets/_rels/sheet1.xml.rels
[DEBUG] 2024-05-14 21:31:39.781 [main] PackageRelationshipCollection - Parsing relationship: /_rels/.rels
[DEBUG] 2024-05-14 21:31:39.817 [main] PackageRelationshipCollection - Parsing relationship: /xl/_rels/workbook.xml.rels
[DEBUG] 2024-05-14 21:31:39.818 [main] PackageRelationshipCollection - Parsing relationship: /xl/worksheets/_rels/sheet1.xml.rels
[DEBUG] 2024-05-14 21:31:39.819 [main] PackageRelationshipCollection - Parsing relationship: /_rels/.rels
[DEBUG] 2024-05-14 21:31:39.851 [main] PackageRelationshipCollection - Parsing relationship: /xl/_rels/workbook.xml.rels
[DEBUG] 2024-05-14 21:31:39.852 [main] PackageRelationshipCollection - Parsing relationship: /xl/worksheets/_rels/sheet1.xml.rels
[DEBUG] 2024-05-14 21:31:39.853 [main] PackageRelationshipCollection - Parsing relationship: /_rels/.rels
[DEBUG] 2024-05-14 21:31:39.895 [main] PackageRelationshipCollection - Parsing relationship: /xl/_rels/workbook.xml.rels
[DEBUG] 2024-05-14 21:31:39.896 [main] PackageRelationshipCollection - Parsing relationship: /xl/worksheets/_rels/sheet1.xml.rels
[DEBUG] 2024-05-14 21:31:39.898 [main] PackageRelationshipCollection - Parsing relationship: /_rels/.rels
[DEBUG] 2024-05-14 21:31:39.925 [main] PackageRelationshipCollection - Parsing relationship: /xl/_rels/workbook.xml.rels
[DEBUG] 2024-05-14 21:31:39.926 [main] PackageRelationshipCollection - Parsing relationship: /xl/worksheets/_rels/sheet1.xml.rels
[DEBUG] 2024-05-14 21:31:39.927 [main] PackageRelationshipCollection - Parsing relationship: /_rels/.rels
[DEBUG] 2024-05-14 21:31:39.959 [main] PackageRelationshipCollection - Parsing relationship: /xl/_rels/workbook.xml.rels
[DEBUG] 2024-05-14 21:31:39.960 [main] PackageRelationshipCollection - Parsing relationship: /xl/worksheets/_rels/sheet1.xml.rels
[DEBUG] 2024-05-14 21:31:39.961 [main] PackageRelationshipCollection - Parsing relationship: /_rels/.rels
[DEBUG] 2024-05-14 21:31:39.993 [main] PackageRelationshipCollection - Parsing relationship: /xl/_rels/workbook.xml.rels
[DEBUG] 2024-05-14 21:31:39.994 [main] PackageRelationshipCollection - Parsing relationship: /xl/worksheets/_rels/sheet1.xml.rels
[DEBUG] 2024-05-14 21:31:39.995 [main] PackageRelationshipCollection - Parsing relationship: /_rels/.rels
[DEBUG] 2024-05-14 21:31:40.024 [main] PackageRelationshipCollection - Parsing relationship: /xl/_rels/workbook.xml.rels
[DEBUG] 2024-05-14 21:31:40.025 [main] PackageRelationshipCollection - Parsing relationship: /xl/worksheets/_rels/sheet1.xml.rels
[DEBUG] 2024-05-14 21:31:40.026 [main] PackageRelationshipCollection - Parsing relationship: /_rels/.rels
[DEBUG] 2024-05-14 21:31:40.053 [main] PackageRelationshipCollection - Parsing relationship: /xl/_rels/workbook.xml.rels
[DEBUG] 2024-05-14 21:31:40.054 [main] PackageRelationshipCollection - Parsing relationship: /xl/worksheets/_rels/sheet1.xml.rels
[DEBUG] 2024-05-14 21:31:40.055 [main] PackageRelationshipCollection - Parsing relationship: /_rels/.rels
[DEBUG] 2024-05-14 21:31:40.084 [main] PackageRelationshipCollection - Parsing relationship: /xl/_rels/workbook.xml.rels
[DEBUG] 2024-05-14 21:31:40.085 [main] PackageRelationshipCollection - Parsing relationship: /xl/worksheets/_rels/sheet1.xml.rels
[DEBUG] 2024-05-14 21:31:40.086 [main] PackageRelationshipCollection - Parsing relationship: /_rels/.rels
[INFO ] 2024-05-14 21:31:40.115 [main] TC_03_LoginDDT - ............Starting TC_03_LoginDDT Test caces...... 
[INFO ] 2024-05-14 21:31:40.221 [main] TC_03_LoginDDT - .......Clicked on my account tabl......
[INFO ] 2024-05-14 21:31:40.994 [main] TC_03_LoginDDT - .....Clicked on login link on home Page under my Account....
[INFO ] 2024-05-14 21:31:40.995 [main] TC_03_LoginDDT - .........Entering valid email and password....
[INFO ] 2024-05-14 21:31:42.059 [main] TC_03_LoginDDT - .......Clicked on Login Button......
[INFO ] 2024-05-14 21:31:42.820 [main] TC_03_LoginDDT - ............Starting TC_03_LoginDDT Test caces...... 
[INFO ] 2024-05-14 21:31:42.893 [main] TC_03_LoginDDT - .......Clicked on my account tabl......
[INFO ] 2024-05-14 21:31:43.479 [main] TC_03_LoginDDT - .....Clicked on login link on home Page under my Account....
[INFO ] 2024-05-14 21:31:43.484 [main] TC_03_LoginDDT - .........Entering valid email and password....
[INFO ] 2024-05-14 21:31:44.307 [main] TC_03_LoginDDT - .......Clicked on Login Button......
[INFO ] 2024-05-14 21:31:54.357 [main] TC_03_LoginDDT - ............Starting TC_03_LoginDDT Test caces...... 
[INFO ] 2024-05-14 21:31:54.538 [main] TC_03_LoginDDT - .......Clicked on my account tabl......
[INFO ] 2024-05-14 21:31:55.212 [main] TC_03_LoginDDT - .....Clicked on login link on home Page under my Account....
[INFO ] 2024-05-14 21:31:55.213 [main] TC_03_LoginDDT - .........Entering valid email and password....
[INFO ] 2024-05-14 21:31:56.058 [main] TC_03_LoginDDT - .......Clicked on Login Button......
[INFO ] 2024-05-14 21:32:06.122 [main] TC_03_LoginDDT - ............Starting TC_03_LoginDDT Test caces...... 
[INFO ] 2024-05-14 21:32:06.265 [main] TC_03_LoginDDT - .......Clicked on my account tabl......
[INFO ] 2024-05-14 21:32:06.945 [main] TC_03_LoginDDT - .....Clicked on login link on home Page under my Account....
[INFO ] 2024-05-14 21:32:06.945 [main] TC_03_LoginDDT - .........Entering valid email and password....
[INFO ] 2024-05-14 21:32:07.684 [main] TC_03_LoginDDT - .......Clicked on Login Button......
[INFO ] 2024-05-14 21:32:17.759 [main] TC_03_LoginDDT - ............Starting TC_03_LoginDDT Test caces...... 
[INFO ] 2024-05-14 21:32:17.841 [main] TC_03_LoginDDT - .......Clicked on my account tabl......
[INFO ] 2024-05-14 21:32:18.399 [main] TC_03_LoginDDT - .....Clicked on login link on home Page under my Account....
[INFO ] 2024-05-14 21:32:18.399 [main] TC_03_LoginDDT - .........Entering valid email and password....
[INFO ] 2024-05-14 21:32:19.353 [main] TC_03_LoginDDT - .......Clicked on Login Button......
[INFO ] 2024-05-14 21:33:21.206 [main] TC_01_AccountRegistrationTest - **** Starting TC_01_AccountRegistrationTest *****
[DEBUG] 2024-05-14 21:33:21.232 [main] TC_01_AccountRegistrationTest - Application logs started...
[DEBUG] 2024-05-14 21:33:21.232 [main] TC_01_AccountRegistrationTest - Application logs.............
[INFO ] 2024-05-14 21:33:21.847 [main] TC_01_AccountRegistrationTest - Clicked on MyAccount link
[INFO ] 2024-05-14 21:33:22.605 [main] TC_01_AccountRegistrationTest - Clicked on Registration link
[INFO ] 2024-05-14 21:33:22.606 [main] TC_01_AccountRegistrationTest - Entering customer details...
[INFO ] 2024-05-14 21:33:26.662 [main] TC_01_AccountRegistrationTest - Clicked on Continue...
[INFO ] 2024-05-14 21:33:26.728 [main] TC_01_AccountRegistrationTest - ......Test Failed.....
[INFO ] 2024-05-14 21:33:29.788 [main] TC_02_LoginTestCase - *****Starting Test case 02********
[DEBUG] 2024-05-14 21:33:29.789 [main] TC_02_LoginTestCase - ***Capturing debug logs**********
[INFO ] 2024-05-14 21:33:30.537 [main] TC_02_LoginTestCase - .......Clicked on my account tabl......
[INFO ] 2024-05-14 21:33:31.253 [main] TC_02_LoginTestCase - .....Clicked on login link on home Page under my Account....
[INFO ] 2024-05-14 21:33:31.256 [main] TC_02_LoginTestCase - .........Entering valid email and password....
[INFO ] 2024-05-14 21:33:32.252 [main] TC_02_LoginTestCase - .......Clicked on Login Button......
[INFO ] 2024-05-14 21:33:32.305 [main] TC_02_LoginTestCase - ........Finished TC_02_Login Test.......
[DEBUG] 2024-05-14 21:33:35.833 [main] PackageRelationshipCollection - Parsing relationship: /xl/_rels/workbook.xml.rels
[DEBUG] 2024-05-14 21:33:35.838 [main] PackageRelationshipCollection - Parsing relationship: /xl/worksheets/_rels/sheet1.xml.rels
[DEBUG] 2024-05-14 21:33:35.840 [main] PackageRelationshipCollection - Parsing relationship: /_rels/.rels
[DEBUG] 2024-05-14 21:33:36.891 [main] PackageRelationshipCollection - Parsing relationship: /xl/_rels/workbook.xml.rels
[DEBUG] 2024-05-14 21:33:36.893 [main] PackageRelationshipCollection - Parsing relationship: /xl/worksheets/_rels/sheet1.xml.rels
[DEBUG] 2024-05-14 21:33:36.895 [main] PackageRelationshipCollection - Parsing relationship: /_rels/.rels
[DEBUG] 2024-05-14 21:33:36.946 [main] PackageRelationshipCollection - Parsing relationship: /xl/_rels/workbook.xml.rels
[DEBUG] 2024-05-14 21:33:36.949 [main] PackageRelationshipCollection - Parsing relationship: /xl/worksheets/_rels/sheet1.xml.rels
[DEBUG] 2024-05-14 21:33:36.950 [main] PackageRelationshipCollection - Parsing relationship: /_rels/.rels
[DEBUG] 2024-05-14 21:33:37.017 [main] PackageRelationshipCollection - Parsing relationship: /xl/_rels/workbook.xml.rels
[DEBUG] 2024-05-14 21:33:37.018 [main] PackageRelationshipCollection - Parsing relationship: /xl/worksheets/_rels/sheet1.xml.rels
[DEBUG] 2024-05-14 21:33:37.020 [main] PackageRelationshipCollection - Parsing relationship: /_rels/.rels
[DEBUG] 2024-05-14 21:33:37.062 [main] PackageRelationshipCollection - Parsing relationship: /xl/_rels/workbook.xml.rels
[DEBUG] 2024-05-14 21:33:37.063 [main] PackageRelationshipCollection - Parsing relationship: /xl/worksheets/_rels/sheet1.xml.rels
[DEBUG] 2024-05-14 21:33:37.066 [main] PackageRelationshipCollection - Parsing relationship: /_rels/.rels
[DEBUG] 2024-05-14 21:33:37.104 [main] PackageRelationshipCollection - Parsing relationship: /xl/_rels/workbook.xml.rels
[DEBUG] 2024-05-14 21:33:37.106 [main] PackageRelationshipCollection - Parsing relationship: /xl/worksheets/_rels/sheet1.xml.rels
[DEBUG] 2024-05-14 21:33:37.107 [main] PackageRelationshipCollection - Parsing relationship: /_rels/.rels
[DEBUG] 2024-05-14 21:33:37.147 [main] PackageRelationshipCollection - Parsing relationship: /xl/_rels/workbook.xml.rels
[DEBUG] 2024-05-14 21:33:37.148 [main] PackageRelationshipCollection - Parsing relationship: /xl/worksheets/_rels/sheet1.xml.rels
[DEBUG] 2024-05-14 21:33:37.150 [main] PackageRelationshipCollection - Parsing relationship: /_rels/.rels
[DEBUG] 2024-05-14 21:33:37.184 [main] PackageRelationshipCollection - Parsing relationship: /xl/_rels/workbook.xml.rels
[DEBUG] 2024-05-14 21:33:37.186 [main] PackageRelationshipCollection - Parsing relationship: /xl/worksheets/_rels/sheet1.xml.rels
[DEBUG] 2024-05-14 21:33:37.187 [main] PackageRelationshipCollection - Parsing relationship: /_rels/.rels
[DEBUG] 2024-05-14 21:33:37.219 [main] PackageRelationshipCollection - Parsing relationship: /xl/_rels/workbook.xml.rels
[DEBUG] 2024-05-14 21:33:37.221 [main] PackageRelationshipCollection - Parsing relationship: /xl/worksheets/_rels/sheet1.xml.rels
[DEBUG] 2024-05-14 21:33:37.228 [main] PackageRelationshipCollection - Parsing relationship: /_rels/.rels
[DEBUG] 2024-05-14 21:33:37.265 [main] PackageRelationshipCollection - Parsing relationship: /xl/_rels/workbook.xml.rels
[DEBUG] 2024-05-14 21:33:37.266 [main] PackageRelationshipCollection - Parsing relationship: /xl/worksheets/_rels/sheet1.xml.rels
[DEBUG] 2024-05-14 21:33:37.267 [main] PackageRelationshipCollection - Parsing relationship: /_rels/.rels
[DEBUG] 2024-05-14 21:33:37.299 [main] PackageRelationshipCollection - Parsing relationship: /xl/_rels/workbook.xml.rels
[DEBUG] 2024-05-14 21:33:37.300 [main] PackageRelationshipCollection - Parsing relationship: /xl/worksheets/_rels/sheet1.xml.rels
[DEBUG] 2024-05-14 21:33:37.301 [main] PackageRelationshipCollection - Parsing relationship: /_rels/.rels
[DEBUG] 2024-05-14 21:33:37.327 [main] PackageRelationshipCollection - Parsing relationship: /xl/_rels/workbook.xml.rels
[DEBUG] 2024-05-14 21:33:37.328 [main] PackageRelationshipCollection - Parsing relationship: /xl/worksheets/_rels/sheet1.xml.rels
[DEBUG] 2024-05-14 21:33:37.330 [main] PackageRelationshipCollection - Parsing relationship: /_rels/.rels
[DEBUG] 2024-05-14 21:33:37.364 [main] PackageRelationshipCollection - Parsing relationship: /xl/_rels/workbook.xml.rels
[DEBUG] 2024-05-14 21:33:37.365 [main] PackageRelationshipCollection - Parsing relationship: /xl/worksheets/_rels/sheet1.xml.rels
[DEBUG] 2024-05-14 21:33:37.366 [main] PackageRelationshipCollection - Parsing relationship: /_rels/.rels
[DEBUG] 2024-05-14 21:33:37.395 [main] PackageRelationshipCollection - Parsing relationship: /xl/_rels/workbook.xml.rels
[DEBUG] 2024-05-14 21:33:37.396 [main] PackageRelationshipCollection - Parsing relationship: /xl/worksheets/_rels/sheet1.xml.rels
[DEBUG] 2024-05-14 21:33:37.398 [main] PackageRelationshipCollection - Parsing relationship: /_rels/.rels
[DEBUG] 2024-05-14 21:33:37.429 [main] PackageRelationshipCollection - Parsing relationship: /xl/_rels/workbook.xml.rels
[DEBUG] 2024-05-14 21:33:37.429 [main] PackageRelationshipCollection - Parsing relationship: /xl/worksheets/_rels/sheet1.xml.rels
[DEBUG] 2024-05-14 21:33:37.430 [main] PackageRelationshipCollection - Parsing relationship: /_rels/.rels
[DEBUG] 2024-05-14 21:33:37.485 [main] PackageRelationshipCollection - Parsing relationship: /xl/_rels/workbook.xml.rels
[DEBUG] 2024-05-14 21:33:37.487 [main] PackageRelationshipCollection - Parsing relationship: /xl/worksheets/_rels/sheet1.xml.rels
[DEBUG] 2024-05-14 21:33:37.488 [main] PackageRelationshipCollection - Parsing relationship: /_rels/.rels
[DEBUG] 2024-05-14 21:33:37.513 [main] PackageRelationshipCollection - Parsing relationship: /xl/_rels/workbook.xml.rels
[DEBUG] 2024-05-14 21:33:37.514 [main] PackageRelationshipCollection - Parsing relationship: /xl/worksheets/_rels/sheet1.xml.rels
[DEBUG] 2024-05-14 21:33:37.515 [main] PackageRelationshipCollection - Parsing relationship: /_rels/.rels
[INFO ] 2024-05-14 21:33:37.545 [main] TC_03_LoginDDT - ............Starting TC_03_LoginDDT Test caces...... 
[INFO ] 2024-05-14 21:33:37.670 [main] TC_03_LoginDDT - .......Clicked on my account tabl......
[INFO ] 2024-05-14 21:33:38.399 [main] TC_03_LoginDDT - .....Clicked on login link on home Page under my Account....
[INFO ] 2024-05-14 21:33:38.399 [main] TC_03_LoginDDT - .........Entering valid email and password....
[INFO ] 2024-05-14 21:33:39.332 [main] TC_03_LoginDDT - .......Clicked on Login Button......
[INFO ] 2024-05-14 21:33:40.049 [main] TC_03_LoginDDT - ............Starting TC_03_LoginDDT Test caces...... 
[INFO ] 2024-05-14 21:33:40.133 [main] TC_03_LoginDDT - .......Clicked on my account tabl......
[INFO ] 2024-05-14 21:33:40.692 [main] TC_03_LoginDDT - .....Clicked on login link on home Page under my Account....
[INFO ] 2024-05-14 21:33:40.692 [main] TC_03_LoginDDT - .........Entering valid email and password....
[INFO ] 2024-05-14 21:33:41.471 [main] TC_03_LoginDDT - .......Clicked on Login Button......
[INFO ] 2024-05-14 21:33:51.582 [main] TC_03_LoginDDT - ............Starting TC_03_LoginDDT Test caces...... 
[INFO ] 2024-05-14 21:33:51.651 [main] TC_03_LoginDDT - .......Clicked on my account tabl......
[INFO ] 2024-05-14 21:33:52.260 [main] TC_03_LoginDDT - .....Clicked on login link on home Page under my Account....
[INFO ] 2024-05-14 21:33:52.262 [main] TC_03_LoginDDT - .........Entering valid email and password....
[INFO ] 2024-05-14 21:33:53.021 [main] TC_03_LoginDDT - .......Clicked on Login Button......
[INFO ] 2024-05-14 21:34:03.086 [main] TC_03_LoginDDT - ............Starting TC_03_LoginDDT Test caces...... 
[INFO ] 2024-05-14 21:34:03.172 [main] TC_03_LoginDDT - .......Clicked on my account tabl......
[INFO ] 2024-05-14 21:34:03.719 [main] TC_03_LoginDDT - .....Clicked on login link on home Page under my Account....
[INFO ] 2024-05-14 21:34:03.720 [main] TC_03_LoginDDT - .........Entering valid email and password....
[INFO ] 2024-05-14 21:34:04.503 [main] TC_03_LoginDDT - .......Clicked on Login Button......
[INFO ] 2024-05-14 21:34:14.620 [main] TC_03_LoginDDT - ............Starting TC_03_LoginDDT Test caces...... 
[INFO ] 2024-05-14 21:34:14.812 [main] TC_03_LoginDDT - .......Clicked on my account tabl......
[INFO ] 2024-05-14 21:34:15.412 [main] TC_03_LoginDDT - .....Clicked on login link on home Page under my Account....
[INFO ] 2024-05-14 21:34:15.412 [main] TC_03_LoginDDT - .........Entering valid email and password....
[INFO ] 2024-05-14 21:34:16.516 [main] TC_03_LoginDDT - .......Clicked on Login Button......
[INFO ] 2024-05-14 21:35:13.141 [main] TC_01_AccountRegistrationTest - **** Starting TC_01_AccountRegistrationTest *****
[DEBUG] 2024-05-14 21:35:13.146 [main] TC_01_AccountRegistrationTest - Application logs started...
[DEBUG] 2024-05-14 21:35:13.146 [main] TC_01_AccountRegistrationTest - Application logs.............
[INFO ] 2024-05-14 21:35:13.341 [main] TC_01_AccountRegistrationTest - Clicked on MyAccount link
[INFO ] 2024-05-14 21:35:14.301 [main] TC_01_AccountRegistrationTest - Clicked on Registration link
[INFO ] 2024-05-14 21:35:14.301 [main] TC_01_AccountRegistrationTest - Entering customer details...
[INFO ] 2024-05-14 21:35:18.526 [main] TC_01_AccountRegistrationTest - Clicked on Continue...
[INFO ] 2024-05-14 21:35:18.570 [main] TC_01_AccountRegistrationTest - ......Test Failed.....
[INFO ] 2024-05-14 21:35:23.983 [main] TC_02_LoginTestCase - *****Starting Test case 02********
[DEBUG] 2024-05-14 21:35:23.983 [main] TC_02_LoginTestCase - ***Capturing debug logs**********
[INFO ] 2024-05-14 21:35:24.158 [main] TC_02_LoginTestCase - .......Clicked on my account tabl......
[INFO ] 2024-05-14 21:35:24.816 [main] TC_02_LoginTestCase - .....Clicked on login link on home Page under my Account....
[INFO ] 2024-05-14 21:35:24.818 [main] TC_02_LoginTestCase - .........Entering valid email and password....
[INFO ] 2024-05-14 21:35:25.780 [main] TC_02_LoginTestCase - .......Clicked on Login Button......
[INFO ] 2024-05-14 21:35:25.845 [main] TC_02_LoginTestCase - ........Finished TC_02_Login Test.......
[INFO ] 2024-05-14 21:46:05.356 [main] TC_01_AccountRegistrationTest - **** Starting TC_01_AccountRegistrationTest *****
[DEBUG] 2024-05-14 21:46:05.372 [main] TC_01_AccountRegistrationTest - Application logs started...
[DEBUG] 2024-05-14 21:46:05.372 [main] TC_01_AccountRegistrationTest - Application logs.............
[INFO ] 2024-05-14 21:46:06.167 [main] TC_01_AccountRegistrationTest - Clicked on MyAccount link
[INFO ] 2024-05-14 21:46:06.944 [main] TC_01_AccountRegistrationTest - Clicked on Registration link
[INFO ] 2024-05-14 21:46:06.945 [main] TC_01_AccountRegistrationTest - Entering customer details...
[INFO ] 2024-05-14 21:46:10.877 [main] TC_01_AccountRegistrationTest - Clicked on Continue...
[INFO ] 2024-05-14 21:46:10.947 [main] TC_01_AccountRegistrationTest - ......Test Failed.....
[INFO ] 2024-05-14 21:46:14.990 [main] TC_02_LoginTestCase - *****Starting Test case 02********
[DEBUG] 2024-05-14 21:46:14.990 [main] TC_02_LoginTestCase - ***Capturing debug logs**********
[INFO ] 2024-05-14 21:46:15.771 [main] TC_02_LoginTestCase - .......Clicked on my account tabl......
[INFO ] 2024-05-14 21:46:16.572 [main] TC_02_LoginTestCase - .....Clicked on login link on home Page under my Account....
[INFO ] 2024-05-14 21:46:16.577 [main] TC_02_LoginTestCase - .........Entering valid email and password....
[INFO ] 2024-05-14 21:46:17.571 [main] TC_02_LoginTestCase - .......Clicked on Login Button......
[ERROR] 2024-05-14 21:46:27.693 [main] TC_02_LoginTestCase - Login test failed
[DEBUG] 2024-05-14 21:46:31.803 [main] PackageRelationshipCollection - Parsing relationship: /xl/_rels/workbook.xml.rels
[DEBUG] 2024-05-14 21:46:31.819 [main] PackageRelationshipCollection - Parsing relationship: /xl/worksheets/_rels/sheet1.xml.rels
[DEBUG] 2024-05-14 21:46:31.827 [main] PackageRelationshipCollection - Parsing relationship: /_rels/.rels
[DEBUG] 2024-05-14 21:46:32.978 [main] PackageRelationshipCollection - Parsing relationship: /xl/_rels/workbook.xml.rels
[DEBUG] 2024-05-14 21:46:32.985 [main] PackageRelationshipCollection - Parsing relationship: /xl/worksheets/_rels/sheet1.xml.rels
[DEBUG] 2024-05-14 21:46:32.994 [main] PackageRelationshipCollection - Parsing relationship: /_rels/.rels
[DEBUG] 2024-05-14 21:46:33.101 [main] PackageRelationshipCollection - Parsing relationship: /xl/_rels/workbook.xml.rels
[DEBUG] 2024-05-14 21:46:33.103 [main] PackageRelationshipCollection - Parsing relationship: /xl/worksheets/_rels/sheet1.xml.rels
[DEBUG] 2024-05-14 21:46:33.105 [main] PackageRelationshipCollection - Parsing relationship: /_rels/.rels
[DEBUG] 2024-05-14 21:46:33.210 [main] PackageRelationshipCollection - Parsing relationship: /xl/_rels/workbook.xml.rels
[DEBUG] 2024-05-14 21:46:33.213 [main] PackageRelationshipCollection - Parsing relationship: /xl/worksheets/_rels/sheet1.xml.rels
[DEBUG] 2024-05-14 21:46:33.219 [main] PackageRelationshipCollection - Parsing relationship: /_rels/.rels
[DEBUG] 2024-05-14 21:46:33.291 [main] PackageRelationshipCollection - Parsing relationship: /xl/_rels/workbook.xml.rels
[DEBUG] 2024-05-14 21:46:33.295 [main] PackageRelationshipCollection - Parsing relationship: /xl/worksheets/_rels/sheet1.xml.rels
[DEBUG] 2024-05-14 21:46:33.296 [main] PackageRelationshipCollection - Parsing relationship: /_rels/.rels
[DEBUG] 2024-05-14 21:46:33.367 [main] PackageRelationshipCollection - Parsing relationship: /xl/_rels/workbook.xml.rels
[DEBUG] 2024-05-14 21:46:33.371 [main] PackageRelationshipCollection - Parsing relationship: /xl/worksheets/_rels/sheet1.xml.rels
[DEBUG] 2024-05-14 21:46:33.374 [main] PackageRelationshipCollection - Parsing relationship: /_rels/.rels
[DEBUG] 2024-05-14 21:46:33.437 [main] PackageRelationshipCollection - Parsing relationship: /xl/_rels/workbook.xml.rels
[DEBUG] 2024-05-14 21:46:33.440 [main] PackageRelationshipCollection - Parsing relationship: /xl/worksheets/_rels/sheet1.xml.rels
[DEBUG] 2024-05-14 21:46:33.443 [main] PackageRelationshipCollection - Parsing relationship: /_rels/.rels
[DEBUG] 2024-05-14 21:46:33.509 [main] PackageRelationshipCollection - Parsing relationship: /xl/_rels/workbook.xml.rels
[DEBUG] 2024-05-14 21:46:33.510 [main] PackageRelationshipCollection - Parsing relationship: /xl/worksheets/_rels/sheet1.xml.rels
[DEBUG] 2024-05-14 21:46:33.511 [main] PackageRelationshipCollection - Parsing relationship: /_rels/.rels
[DEBUG] 2024-05-14 21:46:33.587 [main] PackageRelationshipCollection - Parsing relationship: /xl/_rels/workbook.xml.rels
[DEBUG] 2024-05-14 21:46:33.589 [main] PackageRelationshipCollection - Parsing relationship: /xl/worksheets/_rels/sheet1.xml.rels
[DEBUG] 2024-05-14 21:46:33.590 [main] PackageRelationshipCollection - Parsing relationship: /_rels/.rels
[DEBUG] 2024-05-14 21:46:33.660 [main] PackageRelationshipCollection - Parsing relationship: /xl/_rels/workbook.xml.rels
[DEBUG] 2024-05-14 21:46:33.661 [main] PackageRelationshipCollection - Parsing relationship: /xl/worksheets/_rels/sheet1.xml.rels
[DEBUG] 2024-05-14 21:46:33.663 [main] PackageRelationshipCollection - Parsing relationship: /_rels/.rels
[DEBUG] 2024-05-14 21:46:33.921 [main] PackageRelationshipCollection - Parsing relationship: /xl/_rels/workbook.xml.rels
[DEBUG] 2024-05-14 21:46:33.923 [main] PackageRelationshipCollection - Parsing relationship: /xl/worksheets/_rels/sheet1.xml.rels
[DEBUG] 2024-05-14 21:46:33.924 [main] PackageRelationshipCollection - Parsing relationship: /_rels/.rels
[DEBUG] 2024-05-14 21:46:33.975 [main] PackageRelationshipCollection - Parsing relationship: /xl/_rels/workbook.xml.rels
[DEBUG] 2024-05-14 21:46:33.976 [main] PackageRelationshipCollection - Parsing relationship: /xl/worksheets/_rels/sheet1.xml.rels
[DEBUG] 2024-05-14 21:46:33.978 [main] PackageRelationshipCollection - Parsing relationship: /_rels/.rels
[DEBUG] 2024-05-14 21:46:34.026 [main] PackageRelationshipCollection - Parsing relationship: /xl/_rels/workbook.xml.rels
[DEBUG] 2024-05-14 21:46:34.028 [main] PackageRelationshipCollection - Parsing relationship: /xl/worksheets/_rels/sheet1.xml.rels
[DEBUG] 2024-05-14 21:46:34.029 [main] PackageRelationshipCollection - Parsing relationship: /_rels/.rels
[DEBUG] 2024-05-14 21:46:34.096 [main] PackageRelationshipCollection - Parsing relationship: /xl/_rels/workbook.xml.rels
[DEBUG] 2024-05-14 21:46:34.102 [main] PackageRelationshipCollection - Parsing relationship: /xl/worksheets/_rels/sheet1.xml.rels
[DEBUG] 2024-05-14 21:46:34.104 [main] PackageRelationshipCollection - Parsing relationship: /_rels/.rels
[DEBUG] 2024-05-14 21:46:34.151 [main] PackageRelationshipCollection - Parsing relationship: /xl/_rels/workbook.xml.rels
[DEBUG] 2024-05-14 21:46:34.153 [main] PackageRelationshipCollection - Parsing relationship: /xl/worksheets/_rels/sheet1.xml.rels
[DEBUG] 2024-05-14 21:46:34.154 [main] PackageRelationshipCollection - Parsing relationship: /_rels/.rels
[DEBUG] 2024-05-14 21:46:34.205 [main] PackageRelationshipCollection - Parsing relationship: /xl/_rels/workbook.xml.rels
[DEBUG] 2024-05-14 21:46:34.207 [main] PackageRelationshipCollection - Parsing relationship: /xl/worksheets/_rels/sheet1.xml.rels
[DEBUG] 2024-05-14 21:46:34.208 [main] PackageRelationshipCollection - Parsing relationship: /_rels/.rels
[DEBUG] 2024-05-14 21:46:34.254 [main] PackageRelationshipCollection - Parsing relationship: /xl/_rels/workbook.xml.rels
[DEBUG] 2024-05-14 21:46:34.255 [main] PackageRelationshipCollection - Parsing relationship: /xl/worksheets/_rels/sheet1.xml.rels
[DEBUG] 2024-05-14 21:46:34.256 [main] PackageRelationshipCollection - Parsing relationship: /_rels/.rels
[INFO ] 2024-05-14 21:46:34.304 [main] TC_03_LoginDDT - ............Starting TC_03_LoginDDT Test caces...... 
[INFO ] 2024-05-14 21:46:34.436 [main] TC_03_LoginDDT - .......Clicked on my account tabl......
[INFO ] 2024-05-14 21:46:35.343 [main] TC_03_LoginDDT - .....Clicked on login link on home Page under my Account....
[INFO ] 2024-05-14 21:46:35.344 [main] TC_03_LoginDDT - .........Entering valid email and password....
[INFO ] 2024-05-14 21:46:36.452 [main] TC_03_LoginDDT - .......Clicked on Login Button......
[INFO ] 2024-05-14 21:46:37.236 [main] TC_03_LoginDDT - ............Starting TC_03_LoginDDT Test caces...... 
[INFO ] 2024-05-14 21:46:37.355 [main] TC_03_LoginDDT - .......Clicked on my account tabl......
[INFO ] 2024-05-14 21:46:37.903 [main] TC_03_LoginDDT - .....Clicked on login link on home Page under my Account....
[INFO ] 2024-05-14 21:46:37.904 [main] TC_03_LoginDDT - .........Entering valid email and password....
[INFO ] 2024-05-14 21:46:38.767 [main] TC_03_LoginDDT - .......Clicked on Login Button......
[INFO ] 2024-05-14 21:46:48.864 [main] TC_03_LoginDDT - ............Starting TC_03_LoginDDT Test caces...... 
[INFO ] 2024-05-14 21:46:49.029 [main] TC_03_LoginDDT - .......Clicked on my account tabl......
[INFO ] 2024-05-14 21:46:49.689 [main] TC_03_LoginDDT - .....Clicked on login link on home Page under my Account....
[INFO ] 2024-05-14 21:46:49.690 [main] TC_03_LoginDDT - .........Entering valid email and password....
[INFO ] 2024-05-14 21:46:50.660 [main] TC_03_LoginDDT - .......Clicked on Login Button......
[INFO ] 2024-05-14 21:47:00.699 [main] TC_03_LoginDDT - ............Starting TC_03_LoginDDT Test caces...... 
[INFO ] 2024-05-14 21:47:00.851 [main] TC_03_LoginDDT - .......Clicked on my account tabl......
[INFO ] 2024-05-14 21:47:01.502 [main] TC_03_LoginDDT - .....Clicked on login link on home Page under my Account....
[INFO ] 2024-05-14 21:47:01.503 [main] TC_03_LoginDDT - .........Entering valid email and password....
[INFO ] 2024-05-14 21:47:02.581 [main] TC_03_LoginDDT - .......Clicked on Login Button......
[INFO ] 2024-05-14 21:47:12.609 [main] TC_03_LoginDDT - ............Starting TC_03_LoginDDT Test caces...... 
[INFO ] 2024-05-14 21:47:12.717 [main] TC_03_LoginDDT - .......Clicked on my account tabl......
[INFO ] 2024-05-14 21:47:13.330 [main] TC_03_LoginDDT - .....Clicked on login link on home Page under my Account....
[INFO ] 2024-05-14 21:47:13.332 [main] TC_03_LoginDDT - .........Entering valid email and password....
[INFO ] 2024-05-14 21:47:14.260 [main] TC_03_LoginDDT - .......Clicked on Login Button......
[DEBUG] 2024-05-14 23:16:58.109 [main] PackageRelationshipCollection - Parsing relationship: /xl/_rels/workbook.xml.rels
[DEBUG] 2024-05-14 23:16:58.132 [main] PackageRelationshipCollection - Parsing relationship: /xl/worksheets/_rels/sheet1.xml.rels
[DEBUG] 2024-05-14 23:16:58.134 [main] PackageRelationshipCollection - Parsing relationship: /_rels/.rels
[DEBUG] 2024-05-14 23:16:58.811 [main] PackageRelationshipCollection - Parsing relationship: /xl/_rels/workbook.xml.rels
[DEBUG] 2024-05-14 23:16:58.813 [main] PackageRelationshipCollection - Parsing relationship: /xl/worksheets/_rels/sheet1.xml.rels
[DEBUG] 2024-05-14 23:16:58.814 [main] PackageRelationshipCollection - Parsing relationship: /_rels/.rels
[DEBUG] 2024-05-14 23:16:58.857 [main] PackageRelationshipCollection - Parsing relationship: /xl/_rels/workbook.xml.rels
[DEBUG] 2024-05-14 23:16:58.859 [main] PackageRelationshipCollection - Parsing relationship: /xl/worksheets/_rels/sheet1.xml.rels
[DEBUG] 2024-05-14 23:16:58.861 [main] PackageRelationshipCollection - Parsing relationship: /_rels/.rels
[DEBUG] 2024-05-14 23:16:58.917 [main] PackageRelationshipCollection - Parsing relationship: /xl/_rels/workbook.xml.rels
[DEBUG] 2024-05-14 23:16:58.918 [main] PackageRelationshipCollection - Parsing relationship: /xl/worksheets/_rels/sheet1.xml.rels
[DEBUG] 2024-05-14 23:16:58.920 [main] PackageRelationshipCollection - Parsing relationship: /_rels/.rels
[DEBUG] 2024-05-14 23:16:58.962 [main] PackageRelationshipCollection - Parsing relationship: /xl/_rels/workbook.xml.rels
[DEBUG] 2024-05-14 23:16:58.964 [main] PackageRelationshipCollection - Parsing relationship: /xl/worksheets/_rels/sheet1.xml.rels
[DEBUG] 2024-05-14 23:16:58.966 [main] PackageRelationshipCollection - Parsing relationship: /_rels/.rels
[DEBUG] 2024-05-14 23:16:59.001 [main] PackageRelationshipCollection - Parsing relationship: /xl/_rels/workbook.xml.rels
[DEBUG] 2024-05-14 23:16:59.003 [main] PackageRelationshipCollection - Parsing relationship: /xl/worksheets/_rels/sheet1.xml.rels
[DEBUG] 2024-05-14 23:16:59.004 [main] PackageRelationshipCollection - Parsing relationship: /_rels/.rels
[DEBUG] 2024-05-14 23:16:59.042 [main] PackageRelationshipCollection - Parsing relationship: /xl/_rels/workbook.xml.rels
[DEBUG] 2024-05-14 23:16:59.043 [main] PackageRelationshipCollection - Parsing relationship: /xl/worksheets/_rels/sheet1.xml.rels
[DEBUG] 2024-05-14 23:16:59.045 [main] PackageRelationshipCollection - Parsing relationship: /_rels/.rels
[DEBUG] 2024-05-14 23:16:59.092 [main] PackageRelationshipCollection - Parsing relationship: /xl/_rels/workbook.xml.rels
[DEBUG] 2024-05-14 23:16:59.094 [main] PackageRelationshipCollection - Parsing relationship: /xl/worksheets/_rels/sheet1.xml.rels
[DEBUG] 2024-05-14 23:16:59.095 [main] PackageRelationshipCollection - Parsing relationship: /_rels/.rels
[DEBUG] 2024-05-14 23:16:59.134 [main] PackageRelationshipCollection - Parsing relationship: /xl/_rels/workbook.xml.rels
[DEBUG] 2024-05-14 23:16:59.136 [main] PackageRelationshipCollection - Parsing relationship: /xl/worksheets/_rels/sheet1.xml.rels
[DEBUG] 2024-05-14 23:16:59.137 [main] PackageRelationshipCollection - Parsing relationship: /_rels/.rels
[DEBUG] 2024-05-14 23:16:59.169 [main] PackageRelationshipCollection - Parsing relationship: /xl/_rels/workbook.xml.rels
[DEBUG] 2024-05-14 23:16:59.170 [main] PackageRelationshipCollection - Parsing relationship: /xl/worksheets/_rels/sheet1.xml.rels
[DEBUG] 2024-05-14 23:16:59.172 [main] PackageRelationshipCollection - Parsing relationship: /_rels/.rels
[DEBUG] 2024-05-14 23:16:59.204 [main] PackageRelationshipCollection - Parsing relationship: /xl/_rels/workbook.xml.rels
[DEBUG] 2024-05-14 23:16:59.205 [main] PackageRelationshipCollection - Parsing relationship: /xl/worksheets/_rels/sheet1.xml.rels
[DEBUG] 2024-05-14 23:16:59.206 [main] PackageRelationshipCollection - Parsing relationship: /_rels/.rels
[DEBUG] 2024-05-14 23:16:59.237 [main] PackageRelationshipCollection - Parsing relationship: /xl/_rels/workbook.xml.rels
[DEBUG] 2024-05-14 23:16:59.238 [main] PackageRelationshipCollection - Parsing relationship: /xl/worksheets/_rels/sheet1.xml.rels
[DEBUG] 2024-05-14 23:16:59.239 [main] PackageRelationshipCollection - Parsing relationship: /_rels/.rels
[DEBUG] 2024-05-14 23:16:59.269 [main] PackageRelationshipCollection - Parsing relationship: /xl/_rels/workbook.xml.rels
[DEBUG] 2024-05-14 23:16:59.271 [main] PackageRelationshipCollection - Parsing relationship: /xl/worksheets/_rels/sheet1.xml.rels
[DEBUG] 2024-05-14 23:16:59.273 [main] PackageRelationshipCollection - Parsing relationship: /_rels/.rels
[DEBUG] 2024-05-14 23:16:59.312 [main] PackageRelationshipCollection - Parsing relationship: /xl/_rels/workbook.xml.rels
[DEBUG] 2024-05-14 23:16:59.313 [main] PackageRelationshipCollection - Parsing relationship: /xl/worksheets/_rels/sheet1.xml.rels
[DEBUG] 2024-05-14 23:16:59.314 [main] PackageRelationshipCollection - Parsing relationship: /_rels/.rels
[DEBUG] 2024-05-14 23:16:59.346 [main] PackageRelationshipCollection - Parsing relationship: /xl/_rels/workbook.xml.rels
[DEBUG] 2024-05-14 23:16:59.347 [main] PackageRelationshipCollection - Parsing relationship: /xl/worksheets/_rels/sheet1.xml.rels
[DEBUG] 2024-05-14 23:16:59.349 [main] PackageRelationshipCollection - Parsing relationship: /_rels/.rels
[DEBUG] 2024-05-14 23:16:59.380 [main] PackageRelationshipCollection - Parsing relationship: /xl/_rels/workbook.xml.rels
[DEBUG] 2024-05-14 23:16:59.382 [main] PackageRelationshipCollection - Parsing relationship: /xl/worksheets/_rels/sheet1.xml.rels
[DEBUG] 2024-05-14 23:16:59.383 [main] PackageRelationshipCollection - Parsing relationship: /_rels/.rels
[DEBUG] 2024-05-14 23:16:59.416 [main] PackageRelationshipCollection - Parsing relationship: /xl/_rels/workbook.xml.rels
[DEBUG] 2024-05-14 23:16:59.418 [main] PackageRelationshipCollection - Parsing relationship: /xl/worksheets/_rels/sheet1.xml.rels
[DEBUG] 2024-05-14 23:16:59.419 [main] PackageRelationshipCollection - Parsing relationship: /_rels/.rels
