[INFO ] 2024-05-16 14:31:48.063 [main] TC_01_AccountRegistrationTest - **** Starting TC_01_AccountRegistrationTest *****
[DEBUG] 2024-05-16 14:31:48.082 [main] TC_01_AccountRegistrationTest - Application logs started...
[DEBUG] 2024-05-16 14:31:48.083 [main] TC_01_AccountRegistrationTest - Application logs.............
[INFO ] 2024-05-16 14:31:48.755 [main] TC_01_AccountRegistrationTest - Clicked on MyAccount link
[INFO ] 2024-05-16 14:31:50.015 [main] TC_01_AccountRegistrationTest - Clicked on Registration link
[INFO ] 2024-05-16 14:31:50.016 [main] TC_01_AccountRegistrationTest - Entering customer details...
[INFO ] 2024-05-16 14:31:54.402 [main] TC_01_AccountRegistrationTest - Clicked on Continue...
[INFO ] 2024-05-16 14:31:54.459 [main] TC_01_AccountRegistrationTest - ......Test Failed.....
[INFO ] 2024-05-16 14:31:58.731 [main] TC_02_LoginTestCase - *****Starting Test case 02********
[DEBUG] 2024-05-16 14:31:58.731 [main] TC_02_LoginTestCase - ***Capturing debug logs**********
[INFO ] 2024-05-16 14:31:59.348 [main] TC_02_LoginTestCase - .......Clicked on my account tabl......
[INFO ] 2024-05-16 14:32:00.121 [main] TC_02_LoginTestCase - .....Clicked on login link on home Page under my Account....
[INFO ] 2024-05-16 14:32:00.126 [main] TC_02_LoginTestCase - .........Entering valid email and password....
[INFO ] 2024-05-16 14:32:01.050 [main] TC_02_LoginTestCase - .......Clicked on Login Button......
[ERROR] 2024-05-16 14:32:11.124 [main] TC_02_LoginTestCase - Login test failed
[DEBUG] 2024-05-16 14:32:15.481 [main] PackageRelationshipCollection - Parsing relationship: /xl/_rels/workbook.xml.rels
[DEBUG] 2024-05-16 14:32:15.492 [main] PackageRelationshipCollection - Parsing relationship: /xl/worksheets/_rels/sheet1.xml.rels
[DEBUG] 2024-05-16 14:32:15.496 [main] PackageRelationshipCollection - Parsing relationship: /_rels/.rels
[DEBUG] 2024-05-16 14:32:16.732 [main] PackageRelationshipCollection - Parsing relationship: /xl/_rels/workbook.xml.rels
[DEBUG] 2024-05-16 14:32:16.735 [main] PackageRelationshipCollection - Parsing relationship: /xl/worksheets/_rels/sheet1.xml.rels
[DEBUG] 2024-05-16 14:32:16.738 [main] PackageRelationshipCollection - Parsing relationship: /_rels/.rels
[DEBUG] 2024-05-16 14:32:16.814 [main] PackageRelationshipCollection - Parsing relationship: /xl/_rels/workbook.xml.rels
[DEBUG] 2024-05-16 14:32:16.817 [main] PackageRelationshipCollection - Parsing relationship: /xl/worksheets/_rels/sheet1.xml.rels
[DEBUG] 2024-05-16 14:32:16.819 [main] PackageRelationshipCollection - Parsing relationship: /_rels/.rels
[DEBUG] 2024-05-16 14:32:16.911 [main] PackageRelationshipCollection - Parsing relationship: /xl/_rels/workbook.xml.rels
[DEBUG] 2024-05-16 14:32:16.913 [main] PackageRelationshipCollection - Parsing relationship: /xl/worksheets/_rels/sheet1.xml.rels
[DEBUG] 2024-05-16 14:32:16.916 [main] PackageRelationshipCollection - Parsing relationship: /_rels/.rels
[DEBUG] 2024-05-16 14:32:16.982 [main] PackageRelationshipCollection - Parsing relationship: /xl/_rels/workbook.xml.rels
[DEBUG] 2024-05-16 14:32:16.984 [main] PackageRelationshipCollection - Parsing relationship: /xl/worksheets/_rels/sheet1.xml.rels
[DEBUG] 2024-05-16 14:32:17.006 [main] PackageRelationshipCollection - Parsing relationship: /_rels/.rels
[DEBUG] 2024-05-16 14:32:17.081 [main] PackageRelationshipCollection - Parsing relationship: /xl/_rels/workbook.xml.rels
[DEBUG] 2024-05-16 14:32:17.083 [main] PackageRelationshipCollection - Parsing relationship: /xl/worksheets/_rels/sheet1.xml.rels
[DEBUG] 2024-05-16 14:32:17.092 [main] PackageRelationshipCollection - Parsing relationship: /_rels/.rels
[DEBUG] 2024-05-16 14:32:17.149 [main] PackageRelationshipCollection - Parsing relationship: /xl/_rels/workbook.xml.rels
[DEBUG] 2024-05-16 14:32:17.151 [main] PackageRelationshipCollection - Parsing relationship: /xl/worksheets/_rels/sheet1.xml.rels
[DEBUG] 2024-05-16 14:32:17.153 [main] PackageRelationshipCollection - Parsing relationship: /_rels/.rels
[DEBUG] 2024-05-16 14:32:17.214 [main] PackageRelationshipCollection - Parsing relationship: /xl/_rels/workbook.xml.rels
[DEBUG] 2024-05-16 14:32:17.216 [main] PackageRelationshipCollection - Parsing relationship: /xl/worksheets/_rels/sheet1.xml.rels
[DEBUG] 2024-05-16 14:32:17.218 [main] PackageRelationshipCollection - Parsing relationship: /_rels/.rels
[DEBUG] 2024-05-16 14:32:17.268 [main] PackageRelationshipCollection - Parsing relationship: /xl/_rels/workbook.xml.rels
[DEBUG] 2024-05-16 14:32:17.270 [main] PackageRelationshipCollection - Parsing relationship: /xl/worksheets/_rels/sheet1.xml.rels
[DEBUG] 2024-05-16 14:32:17.272 [main] PackageRelationshipCollection - Parsing relationship: /_rels/.rels
[DEBUG] 2024-05-16 14:32:17.318 [main] PackageRelationshipCollection - Parsing relationship: /xl/_rels/workbook.xml.rels
[DEBUG] 2024-05-16 14:32:17.320 [main] PackageRelationshipCollection - Parsing relationship: /xl/worksheets/_rels/sheet1.xml.rels
[DEBUG] 2024-05-16 14:32:17.321 [main] PackageRelationshipCollection - Parsing relationship: /_rels/.rels
[DEBUG] 2024-05-16 14:32:17.373 [main] PackageRelationshipCollection - Parsing relationship: /xl/_rels/workbook.xml.rels
[DEBUG] 2024-05-16 14:32:17.375 [main] PackageRelationshipCollection - Parsing relationship: /xl/worksheets/_rels/sheet1.xml.rels
[DEBUG] 2024-05-16 14:32:17.376 [main] PackageRelationshipCollection - Parsing relationship: /_rels/.rels
[DEBUG] 2024-05-16 14:32:17.426 [main] PackageRelationshipCollection - Parsing relationship: /xl/_rels/workbook.xml.rels
[DEBUG] 2024-05-16 14:32:17.428 [main] PackageRelationshipCollection - Parsing relationship: /xl/worksheets/_rels/sheet1.xml.rels
[DEBUG] 2024-05-16 14:32:17.429 [main] PackageRelationshipCollection - Parsing relationship: /_rels/.rels
[DEBUG] 2024-05-16 14:32:17.476 [main] PackageRelationshipCollection - Parsing relationship: /xl/_rels/workbook.xml.rels
[DEBUG] 2024-05-16 14:32:17.477 [main] PackageRelationshipCollection - Parsing relationship: /xl/worksheets/_rels/sheet1.xml.rels
[DEBUG] 2024-05-16 14:32:17.479 [main] PackageRelationshipCollection - Parsing relationship: /_rels/.rels
[DEBUG] 2024-05-16 14:32:17.545 [main] PackageRelationshipCollection - Parsing relationship: /xl/_rels/workbook.xml.rels
[DEBUG] 2024-05-16 14:32:17.547 [main] PackageRelationshipCollection - Parsing relationship: /xl/worksheets/_rels/sheet1.xml.rels
[DEBUG] 2024-05-16 14:32:17.548 [main] PackageRelationshipCollection - Parsing relationship: /_rels/.rels
[DEBUG] 2024-05-16 14:32:17.593 [main] PackageRelationshipCollection - Parsing relationship: /xl/_rels/workbook.xml.rels
[DEBUG] 2024-05-16 14:32:17.595 [main] PackageRelationshipCollection - Parsing relationship: /xl/worksheets/_rels/sheet1.xml.rels
[DEBUG] 2024-05-16 14:32:17.597 [main] PackageRelationshipCollection - Parsing relationship: /_rels/.rels
[DEBUG] 2024-05-16 14:32:17.644 [main] PackageRelationshipCollection - Parsing relationship: /xl/_rels/workbook.xml.rels
[DEBUG] 2024-05-16 14:32:17.646 [main] PackageRelationshipCollection - Parsing relationship: /xl/worksheets/_rels/sheet1.xml.rels
[DEBUG] 2024-05-16 14:32:17.648 [main] PackageRelationshipCollection - Parsing relationship: /_rels/.rels
[DEBUG] 2024-05-16 14:32:17.688 [main] PackageRelationshipCollection - Parsing relationship: /xl/_rels/workbook.xml.rels
[DEBUG] 2024-05-16 14:32:17.690 [main] PackageRelationshipCollection - Parsing relationship: /xl/worksheets/_rels/sheet1.xml.rels
[DEBUG] 2024-05-16 14:32:17.691 [main] PackageRelationshipCollection - Parsing relationship: /_rels/.rels
[INFO ] 2024-05-16 14:32:17.728 [main] TC_03_LoginDDT - ............Starting TC_03_LoginDDT Test caces...... 
[INFO ] 2024-05-16 14:32:17.861 [main] TC_03_LoginDDT - .......Clicked on my account tabl......
[INFO ] 2024-05-16 14:32:18.725 [main] TC_03_LoginDDT - .....Clicked on login link on home Page under my Account....
[INFO ] 2024-05-16 14:32:18.725 [main] TC_03_LoginDDT - .........Entering valid email and password....
[INFO ] 2024-05-16 14:32:19.830 [main] TC_03_LoginDDT - .......Clicked on Login Button......
[INFO ] 2024-05-16 14:32:20.672 [main] TC_03_LoginDDT - ............Starting TC_03_LoginDDT Test caces...... 
[INFO ] 2024-05-16 14:32:20.740 [main] TC_03_LoginDDT - .......Clicked on my account tabl......
[INFO ] 2024-05-16 14:32:21.344 [main] TC_03_LoginDDT - .....Clicked on login link on home Page under my Account....
[INFO ] 2024-05-16 14:32:21.345 [main] TC_03_LoginDDT - .........Entering valid email and password....
[INFO ] 2024-05-16 14:32:22.236 [main] TC_03_LoginDDT - .......Clicked on Login Button......
[INFO ] 2024-05-16 14:32:32.292 [main] TC_03_LoginDDT - ............Starting TC_03_LoginDDT Test caces...... 
[INFO ] 2024-05-16 14:32:32.371 [main] TC_03_LoginDDT - .......Clicked on my account tabl......
[INFO ] 2024-05-16 14:32:32.968 [main] TC_03_LoginDDT - .....Clicked on login link on home Page under my Account....
[INFO ] 2024-05-16 14:32:32.968 [main] TC_03_LoginDDT - .........Entering valid email and password....
[INFO ] 2024-05-16 14:32:33.790 [main] TC_03_LoginDDT - .......Clicked on Login Button......
[INFO ] 2024-05-16 14:32:43.840 [main] TC_03_LoginDDT - ............Starting TC_03_LoginDDT Test caces...... 
[INFO ] 2024-05-16 14:32:43.945 [main] TC_03_LoginDDT - .......Clicked on my account tabl......
[INFO ] 2024-05-16 14:32:44.513 [main] TC_03_LoginDDT - .....Clicked on login link on home Page under my Account....
[INFO ] 2024-05-16 14:32:44.513 [main] TC_03_LoginDDT - .........Entering valid email and password....
[INFO ] 2024-05-16 14:32:45.323 [main] TC_03_LoginDDT - .......Clicked on Login Button......
[INFO ] 2024-05-16 14:32:55.388 [main] TC_03_LoginDDT - ............Starting TC_03_LoginDDT Test caces...... 
[INFO ] 2024-05-16 14:32:55.492 [main] TC_03_LoginDDT - .......Clicked on my account tabl......
[INFO ] 2024-05-16 14:32:56.118 [main] TC_03_LoginDDT - .....Clicked on login link on home Page under my Account....
[INFO ] 2024-05-16 14:32:56.118 [main] TC_03_LoginDDT - .........Entering valid email and password....
[INFO ] 2024-05-16 14:32:57.020 [main] TC_03_LoginDDT - .......Clicked on Login Button......
[INFO ] 2024-05-16 14:37:04.783 [main] TC_01_AccountRegistrationTest - **** Starting TC_01_AccountRegistrationTest *****
[DEBUG] 2024-05-16 14:37:04.796 [main] TC_01_AccountRegistrationTest - Application logs started...
[DEBUG] 2024-05-16 14:37:04.796 [main] TC_01_AccountRegistrationTest - Application logs.............
[INFO ] 2024-05-16 14:37:05.440 [main] TC_01_AccountRegistrationTest - Clicked on MyAccount link
[INFO ] 2024-05-16 14:37:06.195 [main] TC_01_AccountRegistrationTest - Clicked on Registration link
[INFO ] 2024-05-16 14:37:06.196 [main] TC_01_AccountRegistrationTest - Entering customer details...
[INFO ] 2024-05-16 14:37:10.683 [main] TC_01_AccountRegistrationTest - Clicked on Continue...
[INFO ] 2024-05-16 14:37:10.742 [main] TC_01_AccountRegistrationTest - ......Test Passed.....
[DEBUG] 2024-05-16 14:37:10.748 [main] TC_01_AccountRegistrationTest - Application logs end...
[INFO ] 2024-05-16 14:37:10.748 [main] TC_01_AccountRegistrationTest - **** Finished TC_01_AccountRegistrationTest *****
[INFO ] 2024-05-16 14:37:13.710 [main] TC_02_LoginTestCase - *****Starting Test case 02********
[DEBUG] 2024-05-16 14:37:13.711 [main] TC_02_LoginTestCase - ***Capturing debug logs**********
[INFO ] 2024-05-16 14:37:14.325 [main] TC_02_LoginTestCase - .......Clicked on my account tabl......
[INFO ] 2024-05-16 14:37:14.949 [main] TC_02_LoginTestCase - .....Clicked on login link on home Page under my Account....
[INFO ] 2024-05-16 14:37:14.957 [main] TC_02_LoginTestCase - .........Entering valid email and password....
[INFO ] 2024-05-16 14:37:15.970 [main] TC_02_LoginTestCase - .......Clicked on Login Button......
[INFO ] 2024-05-16 14:37:16.029 [main] TC_02_LoginTestCase - ........Finished TC_02_Login Test.......
[DEBUG] 2024-05-16 14:37:19.907 [main] PackageRelationshipCollection - Parsing relationship: /xl/_rels/workbook.xml.rels
[DEBUG] 2024-05-16 14:37:19.911 [main] PackageRelationshipCollection - Parsing relationship: /xl/worksheets/_rels/sheet1.xml.rels
[DEBUG] 2024-05-16 14:37:19.914 [main] PackageRelationshipCollection - Parsing relationship: /_rels/.rels
[DEBUG] 2024-05-16 14:37:20.742 [main] PackageRelationshipCollection - Parsing relationship: /xl/_rels/workbook.xml.rels
[DEBUG] 2024-05-16 14:37:20.743 [main] PackageRelationshipCollection - Parsing relationship: /xl/worksheets/_rels/sheet1.xml.rels
[DEBUG] 2024-05-16 14:37:20.745 [main] PackageRelationshipCollection - Parsing relationship: /_rels/.rels
[DEBUG] 2024-05-16 14:37:20.809 [main] PackageRelationshipCollection - Parsing relationship: /xl/_rels/workbook.xml.rels
[DEBUG] 2024-05-16 14:37:20.810 [main] PackageRelationshipCollection - Parsing relationship: /xl/worksheets/_rels/sheet1.xml.rels
[DEBUG] 2024-05-16 14:37:20.812 [main] PackageRelationshipCollection - Parsing relationship: /_rels/.rels
[DEBUG] 2024-05-16 14:37:20.879 [main] PackageRelationshipCollection - Parsing relationship: /xl/_rels/workbook.xml.rels
[DEBUG] 2024-05-16 14:37:20.880 [main] PackageRelationshipCollection - Parsing relationship: /xl/worksheets/_rels/sheet1.xml.rels
[DEBUG] 2024-05-16 14:37:20.882 [main] PackageRelationshipCollection - Parsing relationship: /_rels/.rels
[DEBUG] 2024-05-16 14:37:20.927 [main] PackageRelationshipCollection - Parsing relationship: /xl/_rels/workbook.xml.rels
[DEBUG] 2024-05-16 14:37:20.928 [main] PackageRelationshipCollection - Parsing relationship: /xl/worksheets/_rels/sheet1.xml.rels
[DEBUG] 2024-05-16 14:37:20.929 [main] PackageRelationshipCollection - Parsing relationship: /_rels/.rels
[DEBUG] 2024-05-16 14:37:20.973 [main] PackageRelationshipCollection - Parsing relationship: /xl/_rels/workbook.xml.rels
[DEBUG] 2024-05-16 14:37:20.975 [main] PackageRelationshipCollection - Parsing relationship: /xl/worksheets/_rels/sheet1.xml.rels
[DEBUG] 2024-05-16 14:37:20.976 [main] PackageRelationshipCollection - Parsing relationship: /_rels/.rels
[DEBUG] 2024-05-16 14:37:21.018 [main] PackageRelationshipCollection - Parsing relationship: /xl/_rels/workbook.xml.rels
[DEBUG] 2024-05-16 14:37:21.021 [main] PackageRelationshipCollection - Parsing relationship: /xl/worksheets/_rels/sheet1.xml.rels
[DEBUG] 2024-05-16 14:37:21.022 [main] PackageRelationshipCollection - Parsing relationship: /_rels/.rels
[DEBUG] 2024-05-16 14:37:21.062 [main] PackageRelationshipCollection - Parsing relationship: /xl/_rels/workbook.xml.rels
[DEBUG] 2024-05-16 14:37:21.063 [main] PackageRelationshipCollection - Parsing relationship: /xl/worksheets/_rels/sheet1.xml.rels
[DEBUG] 2024-05-16 14:37:21.072 [main] PackageRelationshipCollection - Parsing relationship: /_rels/.rels
[DEBUG] 2024-05-16 14:37:21.107 [main] PackageRelationshipCollection - Parsing relationship: /xl/_rels/workbook.xml.rels
[DEBUG] 2024-05-16 14:37:21.111 [main] PackageRelationshipCollection - Parsing relationship: /xl/worksheets/_rels/sheet1.xml.rels
[DEBUG] 2024-05-16 14:37:21.113 [main] PackageRelationshipCollection - Parsing relationship: /_rels/.rels
[DEBUG] 2024-05-16 14:37:21.149 [main] PackageRelationshipCollection - Parsing relationship: /xl/_rels/workbook.xml.rels
[DEBUG] 2024-05-16 14:37:21.151 [main] PackageRelationshipCollection - Parsing relationship: /xl/worksheets/_rels/sheet1.xml.rels
[DEBUG] 2024-05-16 14:37:21.152 [main] PackageRelationshipCollection - Parsing relationship: /_rels/.rels
[DEBUG] 2024-05-16 14:37:21.190 [main] PackageRelationshipCollection - Parsing relationship: /xl/_rels/workbook.xml.rels
[DEBUG] 2024-05-16 14:37:21.190 [main] PackageRelationshipCollection - Parsing relationship: /xl/worksheets/_rels/sheet1.xml.rels
[DEBUG] 2024-05-16 14:37:21.192 [main] PackageRelationshipCollection - Parsing relationship: /_rels/.rels
[DEBUG] 2024-05-16 14:37:21.228 [main] PackageRelationshipCollection - Parsing relationship: /xl/_rels/workbook.xml.rels
[DEBUG] 2024-05-16 14:37:21.229 [main] PackageRelationshipCollection - Parsing relationship: /xl/worksheets/_rels/sheet1.xml.rels
[DEBUG] 2024-05-16 14:37:21.231 [main] PackageRelationshipCollection - Parsing relationship: /_rels/.rels
[DEBUG] 2024-05-16 14:37:21.259 [main] PackageRelationshipCollection - Parsing relationship: /xl/_rels/workbook.xml.rels
[DEBUG] 2024-05-16 14:37:21.260 [main] PackageRelationshipCollection - Parsing relationship: /xl/worksheets/_rels/sheet1.xml.rels
[DEBUG] 2024-05-16 14:37:21.261 [main] PackageRelationshipCollection - Parsing relationship: /_rels/.rels
[DEBUG] 2024-05-16 14:37:21.308 [main] PackageRelationshipCollection - Parsing relationship: /xl/_rels/workbook.xml.rels
[DEBUG] 2024-05-16 14:37:21.309 [main] PackageRelationshipCollection - Parsing relationship: /xl/worksheets/_rels/sheet1.xml.rels
[DEBUG] 2024-05-16 14:37:21.311 [main] PackageRelationshipCollection - Parsing relationship: /_rels/.rels
[DEBUG] 2024-05-16 14:37:21.378 [main] PackageRelationshipCollection - Parsing relationship: /xl/_rels/workbook.xml.rels
[DEBUG] 2024-05-16 14:37:21.379 [main] PackageRelationshipCollection - Parsing relationship: /xl/worksheets/_rels/sheet1.xml.rels
[DEBUG] 2024-05-16 14:37:21.381 [main] PackageRelationshipCollection - Parsing relationship: /_rels/.rels
[DEBUG] 2024-05-16 14:37:21.413 [main] PackageRelationshipCollection - Parsing relationship: /xl/_rels/workbook.xml.rels
[DEBUG] 2024-05-16 14:37:21.414 [main] PackageRelationshipCollection - Parsing relationship: /xl/worksheets/_rels/sheet1.xml.rels
[DEBUG] 2024-05-16 14:37:21.415 [main] PackageRelationshipCollection - Parsing relationship: /_rels/.rels
[DEBUG] 2024-05-16 14:37:21.449 [main] PackageRelationshipCollection - Parsing relationship: /xl/_rels/workbook.xml.rels
[DEBUG] 2024-05-16 14:37:21.450 [main] PackageRelationshipCollection - Parsing relationship: /xl/worksheets/_rels/sheet1.xml.rels
[DEBUG] 2024-05-16 14:37:21.452 [main] PackageRelationshipCollection - Parsing relationship: /_rels/.rels
[INFO ] 2024-05-16 14:37:21.484 [main] TC_03_LoginDDT - ............Starting TC_03_LoginDDT Test caces...... 
[INFO ] 2024-05-16 14:37:21.598 [main] TC_03_LoginDDT - .......Clicked on my account tabl......
[INFO ] 2024-05-16 14:37:22.626 [main] TC_03_LoginDDT - .....Clicked on login link on home Page under my Account....
[INFO ] 2024-05-16 14:37:22.627 [main] TC_03_LoginDDT - .........Entering valid email and password....
[INFO ] 2024-05-16 14:37:23.740 [main] TC_03_LoginDDT - .......Clicked on Login Button......
[INFO ] 2024-05-16 14:37:24.594 [main] TC_03_LoginDDT - ............Starting TC_03_LoginDDT Test caces...... 
[INFO ] 2024-05-16 14:37:24.667 [main] TC_03_LoginDDT - .......Clicked on my account tabl......
[INFO ] 2024-05-16 14:37:25.258 [main] TC_03_LoginDDT - .....Clicked on login link on home Page under my Account....
[INFO ] 2024-05-16 14:37:25.258 [main] TC_03_LoginDDT - .........Entering valid email and password....
[INFO ] 2024-05-16 14:37:26.086 [main] TC_03_LoginDDT - .......Clicked on Login Button......
[INFO ] 2024-05-16 14:37:36.187 [main] TC_03_LoginDDT - ............Starting TC_03_LoginDDT Test caces...... 
[INFO ] 2024-05-16 14:37:36.263 [main] TC_03_LoginDDT - .......Clicked on my account tabl......
[INFO ] 2024-05-16 14:38:37.112 [main] TC_01_AccountRegistrationTest - **** Starting TC_01_AccountRegistrationTest *****
[DEBUG] 2024-05-16 14:38:37.117 [main] TC_01_AccountRegistrationTest - Application logs started...
[DEBUG] 2024-05-16 14:38:37.117 [main] TC_01_AccountRegistrationTest - Application logs.............
[INFO ] 2024-05-16 14:38:37.288 [main] TC_01_AccountRegistrationTest - Clicked on MyAccount link
[INFO ] 2024-05-16 14:38:38.276 [main] TC_01_AccountRegistrationTest - Clicked on Registration link
[INFO ] 2024-05-16 14:38:38.276 [main] TC_01_AccountRegistrationTest - Entering customer details...
[INFO ] 2024-05-16 14:38:42.338 [main] TC_01_AccountRegistrationTest - Clicked on Continue...
[INFO ] 2024-05-16 14:38:42.390 [main] TC_01_AccountRegistrationTest - ......Test Passed.....
[DEBUG] 2024-05-16 14:38:42.394 [main] TC_01_AccountRegistrationTest - Application logs end...
[INFO ] 2024-05-16 14:38:42.394 [main] TC_01_AccountRegistrationTest - **** Finished TC_01_AccountRegistrationTest *****
[INFO ] 2024-05-16 14:38:47.431 [main] TC_02_LoginTestCase - *****Starting Test case 02********
[DEBUG] 2024-05-16 14:38:47.432 [main] TC_02_LoginTestCase - ***Capturing debug logs**********
[INFO ] 2024-05-16 14:38:47.570 [main] TC_02_LoginTestCase - .......Clicked on my account tabl......
[INFO ] 2024-05-16 14:38:48.275 [main] TC_02_LoginTestCase - .....Clicked on login link on home Page under my Account....
[INFO ] 2024-05-16 14:38:48.277 [main] TC_02_LoginTestCase - .........Entering valid email and password....
[INFO ] 2024-05-16 14:38:49.427 [main] TC_02_LoginTestCase - .......Clicked on Login Button......
[INFO ] 2024-05-16 14:38:49.487 [main] TC_02_LoginTestCase - ........Finished TC_02_Login Test.......
[INFO ] 2024-05-16 15:00:04.104 [main] TC_01_AccountRegistrationTest - **** Starting TC_01_AccountRegistrationTest *****
[DEBUG] 2024-05-16 15:00:04.110 [main] TC_01_AccountRegistrationTest - Application logs started...
[DEBUG] 2024-05-16 15:00:04.110 [main] TC_01_AccountRegistrationTest - Application logs.............
[INFO ] 2024-05-16 15:00:04.448 [main] TC_01_AccountRegistrationTest - Clicked on MyAccount link
[INFO ] 2024-05-16 15:00:05.767 [main] TC_01_AccountRegistrationTest - Clicked on Registration link
[INFO ] 2024-05-16 15:00:05.768 [main] TC_01_AccountRegistrationTest - Entering customer details...
[INFO ] 2024-05-16 15:00:10.491 [main] TC_01_AccountRegistrationTest - Clicked on Continue...
[INFO ] 2024-05-16 15:00:10.536 [main] TC_01_AccountRegistrationTest - ......Test Passed.....
[DEBUG] 2024-05-16 15:00:10.542 [main] TC_01_AccountRegistrationTest - Application logs end...
[INFO ] 2024-05-16 15:00:10.542 [main] TC_01_AccountRegistrationTest - **** Finished TC_01_AccountRegistrationTest *****
[INFO ] 2024-05-16 15:00:15.892 [main] TC_02_LoginTestCase - *****Starting Test case 02********
[DEBUG] 2024-05-16 15:00:15.892 [main] TC_02_LoginTestCase - ***Capturing debug logs**********
[INFO ] 2024-05-16 15:00:16.076 [main] TC_02_LoginTestCase - .......Clicked on my account tabl......
[INFO ] 2024-05-16 15:00:17.080 [main] TC_02_LoginTestCase - .....Clicked on login link on home Page under my Account....
[INFO ] 2024-05-16 15:00:17.084 [main] TC_02_LoginTestCase - .........Entering valid email and password....
[INFO ] 2024-05-16 15:00:18.511 [main] TC_02_LoginTestCase - .......Clicked on Login Button......
[INFO ] 2024-05-16 15:00:18.568 [main] TC_02_LoginTestCase - ........Finished TC_02_Login Test.......
[INFO ] 2024-05-16 15:01:13.626 [main] TC_01_AccountRegistrationTest - **** Starting TC_01_AccountRegistrationTest *****
[DEBUG] 2024-05-16 15:01:13.631 [main] TC_01_AccountRegistrationTest - Application logs started...
[DEBUG] 2024-05-16 15:01:13.631 [main] TC_01_AccountRegistrationTest - Application logs.............
[INFO ] 2024-05-16 15:01:13.835 [main] TC_01_AccountRegistrationTest - Clicked on MyAccount link
[INFO ] 2024-05-16 15:01:15.132 [main] TC_01_AccountRegistrationTest - Clicked on Registration link
[INFO ] 2024-05-16 15:01:15.133 [main] TC_01_AccountRegistrationTest - Entering customer details...
[INFO ] 2024-05-16 15:01:19.343 [main] TC_01_AccountRegistrationTest - Clicked on Continue...
[INFO ] 2024-05-16 15:01:19.410 [main] TC_01_AccountRegistrationTest - ......Test Passed.....
[DEBUG] 2024-05-16 15:01:19.414 [main] TC_01_AccountRegistrationTest - Application logs end...
[INFO ] 2024-05-16 15:01:19.414 [main] TC_01_AccountRegistrationTest - **** Finished TC_01_AccountRegistrationTest *****
[INFO ] 2024-05-16 15:01:24.649 [main] TC_02_LoginTestCase - *****Starting Test case 02********
[DEBUG] 2024-05-16 15:01:24.649 [main] TC_02_LoginTestCase - ***Capturing debug logs**********
[INFO ] 2024-05-16 15:01:24.794 [main] TC_02_LoginTestCase - .......Clicked on my account tabl......
[INFO ] 2024-05-16 15:01:25.761 [main] TC_02_LoginTestCase - .....Clicked on login link on home Page under my Account....
[INFO ] 2024-05-16 15:01:25.763 [main] TC_02_LoginTestCase - .........Entering valid email and password....
[INFO ] 2024-05-16 15:01:27.936 [main] TC_02_LoginTestCase - .......Clicked on Login Button......
[INFO ] 2024-05-16 15:01:28.043 [main] TC_02_LoginTestCase - ........Finished TC_02_Login Test.......
[INFO ] 2024-05-16 15:13:31.837 [main] TC_01_AccountRegistrationTest - **** Starting TC_01_AccountRegistrationTest *****
[DEBUG] 2024-05-16 15:13:31.852 [main] TC_01_AccountRegistrationTest - Application logs started...
[DEBUG] 2024-05-16 15:13:31.852 [main] TC_01_AccountRegistrationTest - Application logs.............
[INFO ] 2024-05-16 15:13:32.053 [main] TC_01_AccountRegistrationTest - Clicked on MyAccount link
[INFO ] 2024-05-16 15:13:33.011 [main] TC_01_AccountRegistrationTest - Clicked on Registration link
[INFO ] 2024-05-16 15:13:33.011 [main] TC_01_AccountRegistrationTest - Entering customer details...
[INFO ] 2024-05-16 15:13:37.141 [main] TC_01_AccountRegistrationTest - Clicked on Continue...
[INFO ] 2024-05-16 15:13:37.199 [main] TC_01_AccountRegistrationTest - ......Test Passed.....
[DEBUG] 2024-05-16 15:13:37.204 [main] TC_01_AccountRegistrationTest - Application logs end...
[INFO ] 2024-05-16 15:13:37.204 [main] TC_01_AccountRegistrationTest - **** Finished TC_01_AccountRegistrationTest *****
[INFO ] 2024-05-16 15:13:42.662 [main] TC_02_LoginTestCase - *****Starting Test case 02********
[DEBUG] 2024-05-16 15:13:42.662 [main] TC_02_LoginTestCase - ***Capturing debug logs**********
[INFO ] 2024-05-16 15:13:42.832 [main] TC_02_LoginTestCase - .......Clicked on my account tabl......
[INFO ] 2024-05-16 15:13:43.604 [main] TC_02_LoginTestCase - .....Clicked on login link on home Page under my Account....
[INFO ] 2024-05-16 15:13:43.609 [main] TC_02_LoginTestCase - .........Entering valid email and password....
[INFO ] 2024-05-16 15:13:44.594 [main] TC_02_LoginTestCase - .......Clicked on Login Button......
[INFO ] 2024-05-16 15:13:44.676 [main] TC_02_LoginTestCase - ........Finished TC_02_Login Test.......
